e IS e OR a IS a IS A LIE
d IS d OR d IS d IS TRUE
d IS d OR d IS d IS TRUE
a IS a IS FALSE
d IS d IS TRUE
e IS e IS FALSE

b IS b OR c IS c IS TRUE
b IS b AND a IS a IS A LIE
a IS a AND a IS a IS TRUE
a IS a IS TRUE
b IS b IS FALSE
c IS c IS TRUE

b IS b XOR e IS e IS TRUE
b IS b AND c IS c IS A LIE
c IS c XOR e IS e IS TRUE
b IS b IS FALSE
c IS c IS FALSE
e IS e IS TRUE

b IS b OR d IS d IS A LIE
b IS b OR e IS e IS TRUE
e IS e OR b IS b IS TRUE
b IS b IS FALSE
d IS d IS FALSE
e IS e IS TRUE

d IS d AND b IS b IS A LIE
f IS f OR b IS b IS TRUE
d IS d OR d IS d IS TRUE
b IS b IS FALSE
d IS d IS TRUE
f IS f IS TRUE

TT IS A AND B IS B IS TRUE
TT IS A AND C IS C IS TRUE
TT IS NOT A AND C IS C IS A LIE
B IS B IS TRUE
C IS C IS TRUE
TT IS A IS TRUE

SID IS SQUID XOR ASHAY IS SID IS A LIE
ASHAY IS SID AND SID IS SQUID IS TRUE
SID IS NOT SQUID XOR ASHAY IS SID IS TRUE
ASHAY IS SID IS TRUE
SID IS SQUID IS TRUE

a IS NOT a XOR e IS NOT e IS TRUE
c IS NOT c XOR c IS NOT c IS A LIE
c IS NOT c AND a IS a IS TRUE
a IS a IS TRUE
c IS c IS FALSE
e IS e IS FALSE

f IS f XOR c IS NOT c IS TRUE
c IS c AND d IS d IS A LIE
f IS f AND c IS c IS TRUE
c IS c IS TRUE
d IS d IS FALSE
f IS f IS TRUE

c IS c XOR d IS d IS TRUE
c IS c AND a IS NOT a IS TRUE
c IS c XOR c IS c IS A LIE
a IS a IS FALSE
c IS c IS TRUE
d IS d IS FALSE

f IS NOT f AND c IS NOT c IS TRUE
b IS b AND a IS NOT a IS TRUE
c IS c AND b IS NOT b IS A LIE
a IS a IS FALSE
b IS b IS TRUE
c IS c IS FALSE
f IS f IS FALSE

c IS c OR f IS f IS TRUE
c IS NOT c AND f IS f IS A LIE
f IS f OR f IS f IS TRUE
c IS c IS TRUE
f IS f IS TRUE

b IS b AND a IS a IS TRUE
b IS NOT b AND d IS d IS A LIE
e IS e AND d IS NOT d IS TRUE
a IS a IS TRUE
b IS b IS TRUE
d IS d IS FALSE
e IS e IS TRUE

b IS NOT b AND b IS b IS A LIE
d IS d OR b IS b IS TRUE
f IS NOT f AND b IS NOT b IS TRUE
b IS b IS FALSE
d IS d IS TRUE
f IS f IS FALSE

e IS e OR f IS NOT f IS TRUE
b IS NOT b AND e IS NOT e IS TRUE
b IS b AND b IS NOT b IS A LIE
b IS b IS FALSE
e IS e IS FALSE
f IS f IS FALSE
