RACECAR
A     A
C     C
E     E
C     C
A     A
RACECAR

ANNA
N  N
N  N
ANNA

100001
0    0
0    0
0    0
0    0
100001

"NOT A PALINDROME!"

!!!!!
!   !
!   !
!   !
!!!!!

'''''''
'     '
'     '
'     '
'     '
'     '
'''''''

"NOT A PALINDROME!"

rahulluhar
a        a
h        h
u        u
l        l
l        l
u        u
h        h
a        a
rahulluhar

gfdsaasdfg
f        f
d        d
s        s
a        a
a        a
s        s
d        d
f        f
gfdsaasdfg

"NOT A PALINDROME!"

5432112345
4        4
3        3
2        2
1        1
1        1
2        2
3        3
4        4
5432112345

"NOT A PALINDROME!"

^^^*^^^
^     ^
^     ^
*     *
^     ^
^     ^
^^^*^^^

"NOT A PALINDROME!"

"NOT A PALINDROME!"

