&................................&................................&
.&...............................&...............................&.
..&..............................&..............................&..
...&.&.........................&.&.&.........................&.&...
....&&..........................&&&..........................&&....
...&&&...........................&...........................&&&...
......&..........................&..........................&......
.......&.........................&.........................&.......
........&........................&........................&........
.........&..&.................&..&..&.................&..&.........
..........&.&..................&.&.&..................&.&..........
...........&&...................&&&...................&&...........
.........&&&&....................&....................&&&&.........
.............&...................&...................&.............
..............&..................&..................&..............
...............&...&.........&...&...&.........&...&...............
................&..&..........&..&..&..........&..&................
.................&.&...........&.&.&...........&.&.................
..................&&............&&&............&&..................
...............&&&&&.............&.............&&&&&...............
....................&............&............&....................
.....................&....&.&....&....&.&....&.....................
......................&...&..&...&...&..&...&......................
.......................&..&...&..&..&...&..&.......................
........................&.&....&.&.&....&.&........................
.........................&&.....&&&.....&&.........................
.....................&&&&&&......&......&&&&&&.....................
...........................&.....&.....&...........................
.....................&......&....&....&......&.....................
...............&......&......&...&...&......&......&...............
.........&......&......&......&..&..&......&......&......&.........
...&......&......&......&......&.&.&......&......&......&......&...
....&......&......&......&......&&&......&......&......&......&....
&&&&&&&&&&&&&&&&&&&&&&&&&&&&&&&&&&&&&&&&&&&&&&&&&&&&&&&&&&&&&&&&&&&
....&......&......&......&......&&&......&......&......&......&....
...&......&......&......&......&.&.&......&......&......&......&...
.........&......&......&......&..&..&......&......&......&.........
...............&......&......&...&...&......&......&...............
.....................&......&....&....&......&.....................
...........................&.....&.....&...........................
.....................&&&&&&......&......&&&&&&.....................
.........................&&.....&&&.....&&.........................
........................&.&....&.&.&....&.&........................
.......................&..&...&..&..&...&..&.......................
......................&...&..&...&...&..&...&......................
.....................&....&.&....&....&.&....&.....................
....................&............&............&....................
...............&&&&&.............&.............&&&&&...............
..................&&............&&&............&&..................
.................&.&...........&.&.&...........&.&.................
................&..&..........&..&..&..........&..&................
...............&...&.........&...&...&.........&...&...............
..............&..................&..................&..............
.............&...................&...................&.............
.........&&&&....................&....................&&&&.........
...........&&...................&&&...................&&...........
..........&.&..................&.&.&..................&.&..........
.........&..&.................&..&..&.................&..&.........
........&........................&........................&........
.......&.........................&.........................&.......
......&..........................&..........................&......
...&&&...........................&...........................&&&...
....&&..........................&&&..........................&&....
...&.&.........................&.&.&.........................&.&...
..&..............................&..............................&..
.&...............................&...............................&.
&................................&................................&
#****#****#
*#***#***#*
**#**#**#**
***#*#*#***
****###****
###########
****###****
***#*#*#***
**#**#**#**
*#***#***#*
#****#****#
@&&&@&&&&&@&&&@&&&@&&&&&@&&&@
&@&&@&&&&&&@&&@&&@&&&&&&@&&@&
&&@&@&&@&@&&@&@&@&&@&@&&@&@&&
&&&@@&&&@@&&&@@@&&&@@&&&@@&&&
@@@@@&&&&@&&&&@&&&&@&&&&@@@@@
&&&&&@&&&@@&&&@&&&@@&&&@&&&&&
&&&&&&@&&@&@&&@&&@&@&&@&&&&&&
&&@&&&&@&@&&@&@&@&&@&@&&&&@&&
&&&@&&&&@@&&&@@@&&&@@&&&&@&&&
&&@@@@@@@@&&&&@&&&&@@@@@@@@&&
@&&&&@&&&&@&&&@&&&@&&&&@&&&&@
&@&&&&@&&&&@&&@&&@&&&&@&&&&@&
&&@&&&&@&&&&@&@&@&&&&@&&&&@&&
&&&@&&&&@&&&&@@@&&&&@&&&&@&&&
@@@@@@@@@@@@@@@@@@@@@@@@@@@@@
&&&@&&&&@&&&&@@@&&&&@&&&&@&&&
&&@&&&&@&&&&@&@&@&&&&@&&&&@&&
&@&&&&@&&&&@&&@&&@&&&&@&&&&@&
@&&&&@&&&&@&&&@&&&@&&&&@&&&&@
&&@@@@@@@@&&&&@&&&&@@@@@@@@&&
&&&@&&&&@@&&&@@@&&&@@&&&&@&&&
&&@&&&&@&@&&@&@&@&&@&@&&&&@&&
&&&&&&@&&@&@&&@&&@&@&&@&&&&&&
&&&&&@&&&@@&&&@&&&@@&&&@&&&&&
@@@@@&&&&@&&&&@&&&&@&&&&@@@@@
&&&@@&&&@@&&&@@@&&&@@&&&@@&&&
&&@&@&&@&@&&@&@&@&&@&@&&@&@&&
&@&&@&&&&&&@&&@&&@&&&&&&@&&@&
@&&&@&&&&&@&&&@&&&@&&&&&@&&&@
,%%%%%%%%%%%%%%%%%%%%%%%%%%%%%%%%%%%%%%%%%%%%%%%%,%%%%%%%%%%%%%%%%%%%%%%%%%%%%%%%%%%%%%%%%%%%%%%%%,
%,%%%%%%%%%%%%%%%%%%%%%%%%%%%%%%%%%%%%%%%%%%%%%%%,%%%%%%%%%%%%%%%%%%%%%%%%%%%%%%%%%%%%%%%%%%%%%%%,%
%%,%%%%%%,%%%%%%%%%%%%%%%%%%%%%%%%%%%%%%%%,%%%%%%,%%%%%%,%%%%%%%%%%%%%%%%%%%%%%%%%%%%%%%%,%%%%%%,%%
%%%,%%%%%,%%%%%%%%%%%%%%%%%%%%%%%%%%%%%%%%%,%%%%%,%%%%%,%%%%%%%%%%%%%%%%%%%%%%%%%%%%%%%%%,%%%%%,%%%
%%%%,%%%%,%%%%%%%%%%%%%%%%%%%%%%%%%%%%%%%%%%,%%%%,%%%%,%%%%%%%%%%%%%%%%%%%%%%%%%%%%%%%%%%,%%%%,%%%%
%%%%%,%%%,%%%%%%%%%%%%%%%%%%%%%%%%%%%%%%%%%%%,%%%,%%%,%%%%%%%%%%%%%%%%%%%%%%%%%%%%%%%%%%%,%%%,%%%%%
%%%%%%,%%,%%%%%%%%%%%%%%%%%%%%%%%%%%%%%%%%%%%%,%%,%%,%%%%%%%%%%%%%%%%%%%%%%%%%%%%%%%%%%%%,%%,%%%%%%
%%%%%%%,%,%%%%%%%%%%%%%%%%%%%%%%%%%%%%%%%%%%%%%,%,%,%%%%%%%%%%%%%%%%%%%%%%%%%%%%%%%%%%%%%,%,%%%%%%%
%%%%%%%%,,%%%%%%%%%%%%%%%%%%%%%%%%%%%%%%%%%%%%%%,,,%%%%%%%%%%%%%%%%%%%%%%%%%%%%%%%%%%%%%%,,%%%%%%%%
%%,,,,,,,,%%%%%%%%%%%%%%%%%%%%%%%%%%%%%%%%%%%%%%%,%%%%%%%%%%%%%%%%%%%%%%%%%%%%%%%%%%%%%%%,,,,,,,,%%
%%%%%%%%%%,%%%%%%%%%%%%%%%%%%%%%%%%%%%%%%%%%%%%%%,%%%%%%%%%%%%%%%%%%%%%%%%%%%%%%%%%%%%%%,%%%%%%%%%%
%%%%%%%%%%%,%%%%%%%,%%%%%%%%%%%%%%%%%%%%%,%%%%%%%,%%%%%%%,%%%%%%%%%%%%%%%%%%%%%,%%%%%%%,%%%%%%%%%%%
%%%%%%%%%%%%,%%%%%%,%%%%%%%%%%%%%%%%%%%%%%,%%%%%%,%%%%%%,%%%%%%%%%%%%%%%%%%%%%%,%%%%%%,%%%%%%%%%%%%
%%%%%%%%%%%%%,%%%%%,%%%%%%%%%%%%%%%%%%%%%%%,%%%%%,%%%%%,%%%%%%%%%%%%%%%%%%%%%%%,%%%%%,%%%%%%%%%%%%%
%%%%%%%%%%%%%%,%%%%,%%%%%%%%%%%%%%%%%%%%%%%%,%%%%,%%%%,%%%%%%%%%%%%%%%%%%%%%%%%,%%%%,%%%%%%%%%%%%%%
%%%%%%%%%%%%%%%,%%%,%%%%%%%%%%%%%%%%%%%%%%%%%,%%%,%%%,%%%%%%%%%%%%%%%%%%%%%%%%%,%%%,%%%%%%%%%%%%%%%
%%%%%%%%%%%%%%%%,%%,%%%%%%%%%%%%%%%%%%%%%%%%%%,%%,%%,%%%%%%%%%%%%%%%%%%%%%%%%%%,%%,%%%%%%%%%%%%%%%%
%%%%%%%%%%%%%%%%%,%,%%%%%%%%%%%%%%%%%%%%%%%%%%%,%,%,%%%%%%%%%%%%%%%%%%%%%%%%%%%,%,%%%%%%%%%%%%%%%%%
%%%%%%%%%%%%%%%%%%,,%%%%%%%%%%%%%%%%%%%%%%%%%%%%,,,%%%%%%%%%%%%%%%%%%%%%%%%%%%%,,%%%%%%%%%%%%%%%%%%
%%%%%%%%%%%,,,,,,,,,%%%%%%%%%%%%%%%%%%%%%%%%%%%%%,%%%%%%%%%%%%%%%%%%%%%%%%%%%%%,,,,,,,,,%%%%%%%%%%%
%%%%%%%%%%%%%%%%%%%%,%%%%%%%%,%%%%%%%%%%,%%%%%%%%,%%%%%%%%,%%%%%%%%%%,%%%%%%%%,%%%%%%%%%%%%%%%%%%%%
%%%%%%%%%%%%%%%%%%%%%,%%%%%%%,%%%%%%%%%%%,%%%%%%%,%%%%%%%,%%%%%%%%%%%,%%%%%%%,%%%%%%%%%%%%%%%%%%%%%
%%%%%%%%%%%%%%%%%%%%%%,%%%%%%,%%%%%%%%%%%%,%%%%%%,%%%%%%,%%%%%%%%%%%%,%%%%%%,%%%%%%%%%%%%%%%%%%%%%%
%%%%%%%%%%%%%%%%%%%%%%%,%%%%%,%%%%%%%%%%%%%,%%%%%,%%%%%,%%%%%%%%%%%%%,%%%%%,%%%%%%%%%%%%%%%%%%%%%%%
%%%%%%%%%%%%%%%%%%%%%%%%,%%%%,%%%%%%%%%%%%%%,%%%%,%%%%,%%%%%%%%%%%%%%,%%%%,%%%%%%%%%%%%%%%%%%%%%%%%
%%%%%%%%%%%%%%%%%%%%%%%%%,%%%,%%%%%%%%%%%%%%%,%%%,%%%,%%%%%%%%%%%%%%%,%%%,%%%%%%%%%%%%%%%%%%%%%%%%%
%%%%%%%%%%%%%%%%%%%%%%%%%%,%%,%%%%%%%%%%%%%%%%,%%,%%,%%%%%%%%%%%%%%%%,%%,%%%%%%%%%%%%%%%%%%%%%%%%%%
%%%%%%%%%%%%%%%%%%%%%%%%%%%,%,%%%%%%%%%%%%%%%%%,%,%,%%%%%%%%%%%%%%%%%,%,%%%%%%%%%%%%%%%%%%%%%%%%%%%
%%%%%%%%%%%%%%%%%%%%%%%%%%%%,,%%%%%%%%%%%%%%%%%%,,,%%%%%%%%%%%%%%%%%%,,%%%%%%%%%%%%%%%%%%%%%%%%%%%%
%%%%%%%%%%%%%%%%%%%%,,,,,,,,,,%%%%%%%%%,%%%%%%%%%,%%%%%%%%%,%%%%%%%%%,,,,,,,,,,%%%%%%%%%%%%%%%%%%%%
%%%%%%%%%%%%%%%%%%%%%%%%%%%%%%,%%%%%%%%,,%%%%%%%%,%%%%%%%%,,%%%%%%%%,%%%%%%%%%%%%%%%%%%%%%%%%%%%%%%
%%%%%%%%%%%%%%%%%%%%%%%%%%%%%%%,%%%%%%%,%,%%%%%%%,%%%%%%%,%,%%%%%%%,%%%%%%%%%%%%%%%%%%%%%%%%%%%%%%%
%%%%%%%%%%%%%%%%%%%%%%%%%%%%%%%%,%%%%%%,%%,%%%%%%,%%%%%%,%%,%%%%%%,%%%%%%%%%%%%%%%%%%%%%%%%%%%%%%%%
%%%%%%%%%%%%%%%%%%%%%%%%%%%%%%%%%,%%%%%,%%%,%%%%%,%%%%%,%%%,%%%%%,%%%%%%%%%%%%%%%%%%%%%%%%%%%%%%%%%
%%%%%%%%%%%%%%%%%%%%%%%%%%%%%%%%%%,%%%%,%%%%,%%%%,%%%%,%%%%,%%%%,%%%%%%%%%%%%%%%%%%%%%%%%%%%%%%%%%%
%%%%%%%%%%%%%%%%%%%%%%%%%%%%%%%%%%%,%%%,%%%%%,%%%,%%%,%%%%%,%%%,%%%%%%%%%%%%%%%%%%%%%%%%%%%%%%%%%%%
%%%%%%%%%%%%%%%%%%%%%%%%%%%%%%%%%%%%,%%,%%%%%%,%%,%%,%%%%%%,%%,%%%%%%%%%%%%%%%%%%%%%%%%%%%%%%%%%%%%
%%%%%%%%%%%%%%%%%%%%%%%%%%%%%%%%%%%%%,%,%%%%%%%,%,%,%%%%%%%,%,%%%%%%%%%%%%%%%%%%%%%%%%%%%%%%%%%%%%%
%%%%%%%%%%%%%%%%%%%%%%%%%%%%%%%%%%%%%%,,%%%%%%%%,,,%%%%%%%%,,%%%%%%%%%%%%%%%%%%%%%%%%%%%%%%%%%%%%%%
%%%%%%%%%%%%%%%%%%%%%%%%%%%%%,,,,,,,,,,,%%%%%%%%%,%%%%%%%%%,,,,,,,,,,,%%%%%%%%%%%%%%%%%%%%%%%%%%%%%
%%%%%%%%%%%%%%%%%%%%,%%%%%%%%%,%%%%%%%%%,%%%%%%%%,%%%%%%%%,%%%%%%%%%,%%%%%%%%%,%%%%%%%%%%%%%%%%%%%%
%%%%%%%%%%%,%%%%%%%%%,%%%%%%%%%,%%%%%%%%%,%%%%%%%,%%%%%%%,%%%%%%%%%,%%%%%%%%%,%%%%%%%%%,%%%%%%%%%%%
%%,%%%%%%%%%,%%%%%%%%%,%%%%%%%%%,%%%%%%%%%,%%%%%%,%%%%%%,%%%%%%%%%,%%%%%%%%%,%%%%%%%%%,%%%%%%%%%,%%
%%%,%%%%%%%%%,%%%%%%%%%,%%%%%%%%%,%%%%%%%%%,%%%%%,%%%%%,%%%%%%%%%,%%%%%%%%%,%%%%%%%%%,%%%%%%%%%,%%%
%%%%,%%%%%%%%%,%%%%%%%%%,%%%%%%%%%,%%%%%%%%%,%%%%,%%%%,%%%%%%%%%,%%%%%%%%%,%%%%%%%%%,%%%%%%%%%,%%%%
%%%%%,%%%%%%%%%,%%%%%%%%%,%%%%%%%%%,%%%%%%%%%,%%%,%%%,%%%%%%%%%,%%%%%%%%%,%%%%%%%%%,%%%%%%%%%,%%%%%
%%%%%%,%%%%%%%%%,%%%%%%%%%,%%%%%%%%%,%%%%%%%%%,%%,%%,%%%%%%%%%,%%%%%%%%%,%%%%%%%%%,%%%%%%%%%,%%%%%%
%%%%%%%,%%%%%%%%%,%%%%%%%%%,%%%%%%%%%,%%%%%%%%%,%,%,%%%%%%%%%,%%%%%%%%%,%%%%%%%%%,%%%%%%%%%,%%%%%%%
%%%%%%%%,%%%%%%%%%,%%%%%%%%%,%%%%%%%%%,%%%%%%%%%,,,%%%%%%%%%,%%%%%%%%%,%%%%%%%%%,%%%%%%%%%,%%%%%%%%
,,,,,,,,,,,,,,,,,,,,,,,,,,,,,,,,,,,,,,,,,,,,,,,,,,,,,,,,,,,,,,,,,,,,,,,,,,,,,,,,,,,,,,,,,,,,,,,,,,,
%%%%%%%%,%%%%%%%%%,%%%%%%%%%,%%%%%%%%%,%%%%%%%%%,,,%%%%%%%%%,%%%%%%%%%,%%%%%%%%%,%%%%%%%%%,%%%%%%%%
%%%%%%%,%%%%%%%%%,%%%%%%%%%,%%%%%%%%%,%%%%%%%%%,%,%,%%%%%%%%%,%%%%%%%%%,%%%%%%%%%,%%%%%%%%%,%%%%%%%
%%%%%%,%%%%%%%%%,%%%%%%%%%,%%%%%%%%%,%%%%%%%%%,%%,%%,%%%%%%%%%,%%%%%%%%%,%%%%%%%%%,%%%%%%%%%,%%%%%%
%%%%%,%%%%%%%%%,%%%%%%%%%,%%%%%%%%%,%%%%%%%%%,%%%,%%%,%%%%%%%%%,%%%%%%%%%,%%%%%%%%%,%%%%%%%%%,%%%%%
%%%%,%%%%%%%%%,%%%%%%%%%,%%%%%%%%%,%%%%%%%%%,%%%%,%%%%,%%%%%%%%%,%%%%%%%%%,%%%%%%%%%,%%%%%%%%%,%%%%
%%%,%%%%%%%%%,%%%%%%%%%,%%%%%%%%%,%%%%%%%%%,%%%%%,%%%%%,%%%%%%%%%,%%%%%%%%%,%%%%%%%%%,%%%%%%%%%,%%%
%%,%%%%%%%%%,%%%%%%%%%,%%%%%%%%%,%%%%%%%%%,%%%%%%,%%%%%%,%%%%%%%%%,%%%%%%%%%,%%%%%%%%%,%%%%%%%%%,%%
%%%%%%%%%%%,%%%%%%%%%,%%%%%%%%%,%%%%%%%%%,%%%%%%%,%%%%%%%,%%%%%%%%%,%%%%%%%%%,%%%%%%%%%,%%%%%%%%%%%
%%%%%%%%%%%%%%%%%%%%,%%%%%%%%%,%%%%%%%%%,%%%%%%%%,%%%%%%%%,%%%%%%%%%,%%%%%%%%%,%%%%%%%%%%%%%%%%%%%%
%%%%%%%%%%%%%%%%%%%%%%%%%%%%%,,,,,,,,,,,%%%%%%%%%,%%%%%%%%%,,,,,,,,,,,%%%%%%%%%%%%%%%%%%%%%%%%%%%%%
%%%%%%%%%%%%%%%%%%%%%%%%%%%%%%%%%%%%%%,,%%%%%%%%,,,%%%%%%%%,,%%%%%%%%%%%%%%%%%%%%%%%%%%%%%%%%%%%%%%
%%%%%%%%%%%%%%%%%%%%%%%%%%%%%%%%%%%%%,%,%%%%%%%,%,%,%%%%%%%,%,%%%%%%%%%%%%%%%%%%%%%%%%%%%%%%%%%%%%%
%%%%%%%%%%%%%%%%%%%%%%%%%%%%%%%%%%%%,%%,%%%%%%,%%,%%,%%%%%%,%%,%%%%%%%%%%%%%%%%%%%%%%%%%%%%%%%%%%%%
%%%%%%%%%%%%%%%%%%%%%%%%%%%%%%%%%%%,%%%,%%%%%,%%%,%%%,%%%%%,%%%,%%%%%%%%%%%%%%%%%%%%%%%%%%%%%%%%%%%
%%%%%%%%%%%%%%%%%%%%%%%%%%%%%%%%%%,%%%%,%%%%,%%%%,%%%%,%%%%,%%%%,%%%%%%%%%%%%%%%%%%%%%%%%%%%%%%%%%%
%%%%%%%%%%%%%%%%%%%%%%%%%%%%%%%%%,%%%%%,%%%,%%%%%,%%%%%,%%%,%%%%%,%%%%%%%%%%%%%%%%%%%%%%%%%%%%%%%%%
%%%%%%%%%%%%%%%%%%%%%%%%%%%%%%%%,%%%%%%,%%,%%%%%%,%%%%%%,%%,%%%%%%,%%%%%%%%%%%%%%%%%%%%%%%%%%%%%%%%
%%%%%%%%%%%%%%%%%%%%%%%%%%%%%%%,%%%%%%%,%,%%%%%%%,%%%%%%%,%,%%%%%%%,%%%%%%%%%%%%%%%%%%%%%%%%%%%%%%%
%%%%%%%%%%%%%%%%%%%%%%%%%%%%%%,%%%%%%%%,,%%%%%%%%,%%%%%%%%,,%%%%%%%%,%%%%%%%%%%%%%%%%%%%%%%%%%%%%%%
%%%%%%%%%%%%%%%%%%%%,,,,,,,,,,%%%%%%%%%,%%%%%%%%%,%%%%%%%%%,%%%%%%%%%,,,,,,,,,,%%%%%%%%%%%%%%%%%%%%
%%%%%%%%%%%%%%%%%%%%%%%%%%%%,,%%%%%%%%%%%%%%%%%%,,,%%%%%%%%%%%%%%%%%%,,%%%%%%%%%%%%%%%%%%%%%%%%%%%%
%%%%%%%%%%%%%%%%%%%%%%%%%%%,%,%%%%%%%%%%%%%%%%%,%,%,%%%%%%%%%%%%%%%%%,%,%%%%%%%%%%%%%%%%%%%%%%%%%%%
%%%%%%%%%%%%%%%%%%%%%%%%%%,%%,%%%%%%%%%%%%%%%%,%%,%%,%%%%%%%%%%%%%%%%,%%,%%%%%%%%%%%%%%%%%%%%%%%%%%
%%%%%%%%%%%%%%%%%%%%%%%%%,%%%,%%%%%%%%%%%%%%%,%%%,%%%,%%%%%%%%%%%%%%%,%%%,%%%%%%%%%%%%%%%%%%%%%%%%%
%%%%%%%%%%%%%%%%%%%%%%%%,%%%%,%%%%%%%%%%%%%%,%%%%,%%%%,%%%%%%%%%%%%%%,%%%%,%%%%%%%%%%%%%%%%%%%%%%%%
%%%%%%%%%%%%%%%%%%%%%%%,%%%%%,%%%%%%%%%%%%%,%%%%%,%%%%%,%%%%%%%%%%%%%,%%%%%,%%%%%%%%%%%%%%%%%%%%%%%
%%%%%%%%%%%%%%%%%%%%%%,%%%%%%,%%%%%%%%%%%%,%%%%%%,%%%%%%,%%%%%%%%%%%%,%%%%%%,%%%%%%%%%%%%%%%%%%%%%%
%%%%%%%%%%%%%%%%%%%%%,%%%%%%%,%%%%%%%%%%%,%%%%%%%,%%%%%%%,%%%%%%%%%%%,%%%%%%%,%%%%%%%%%%%%%%%%%%%%%
%%%%%%%%%%%%%%%%%%%%,%%%%%%%%,%%%%%%%%%%,%%%%%%%%,%%%%%%%%,%%%%%%%%%%,%%%%%%%%,%%%%%%%%%%%%%%%%%%%%
%%%%%%%%%%%,,,,,,,,,%%%%%%%%%%%%%%%%%%%%%%%%%%%%%,%%%%%%%%%%%%%%%%%%%%%%%%%%%%%,,,,,,,,,%%%%%%%%%%%
%%%%%%%%%%%%%%%%%%,,%%%%%%%%%%%%%%%%%%%%%%%%%%%%,,,%%%%%%%%%%%%%%%%%%%%%%%%%%%%,,%%%%%%%%%%%%%%%%%%
%%%%%%%%%%%%%%%%%,%,%%%%%%%%%%%%%%%%%%%%%%%%%%%,%,%,%%%%%%%%%%%%%%%%%%%%%%%%%%%,%,%%%%%%%%%%%%%%%%%
%%%%%%%%%%%%%%%%,%%,%%%%%%%%%%%%%%%%%%%%%%%%%%,%%,%%,%%%%%%%%%%%%%%%%%%%%%%%%%%,%%,%%%%%%%%%%%%%%%%
%%%%%%%%%%%%%%%,%%%,%%%%%%%%%%%%%%%%%%%%%%%%%,%%%,%%%,%%%%%%%%%%%%%%%%%%%%%%%%%,%%%,%%%%%%%%%%%%%%%
%%%%%%%%%%%%%%,%%%%,%%%%%%%%%%%%%%%%%%%%%%%%,%%%%,%%%%,%%%%%%%%%%%%%%%%%%%%%%%%,%%%%,%%%%%%%%%%%%%%
%%%%%%%%%%%%%,%%%%%,%%%%%%%%%%%%%%%%%%%%%%%,%%%%%,%%%%%,%%%%%%%%%%%%%%%%%%%%%%%,%%%%%,%%%%%%%%%%%%%
%%%%%%%%%%%%,%%%%%%,%%%%%%%%%%%%%%%%%%%%%%,%%%%%%,%%%%%%,%%%%%%%%%%%%%%%%%%%%%%,%%%%%%,%%%%%%%%%%%%
%%%%%%%%%%%,%%%%%%%,%%%%%%%%%%%%%%%%%%%%%,%%%%%%%,%%%%%%%,%%%%%%%%%%%%%%%%%%%%%,%%%%%%%,%%%%%%%%%%%
%%%%%%%%%%,%%%%%%%%%%%%%%%%%%%%%%%%%%%%%%%%%%%%%%,%%%%%%%%%%%%%%%%%%%%%%%%%%%%%%%%%%%%%%,%%%%%%%%%%
%%,,,,,,,,%%%%%%%%%%%%%%%%%%%%%%%%%%%%%%%%%%%%%%%,%%%%%%%%%%%%%%%%%%%%%%%%%%%%%%%%%%%%%%%,,,,,,,,%%
%%%%%%%%,,%%%%%%%%%%%%%%%%%%%%%%%%%%%%%%%%%%%%%%,,,%%%%%%%%%%%%%%%%%%%%%%%%%%%%%%%%%%%%%%,,%%%%%%%%
%%%%%%%,%,%%%%%%%%%%%%%%%%%%%%%%%%%%%%%%%%%%%%%,%,%,%%%%%%%%%%%%%%%%%%%%%%%%%%%%%%%%%%%%%,%,%%%%%%%
%%%%%%,%%,%%%%%%%%%%%%%%%%%%%%%%%%%%%%%%%%%%%%,%%,%%,%%%%%%%%%%%%%%%%%%%%%%%%%%%%%%%%%%%%,%%,%%%%%%
%%%%%,%%%,%%%%%%%%%%%%%%%%%%%%%%%%%%%%%%%%%%%,%%%,%%%,%%%%%%%%%%%%%%%%%%%%%%%%%%%%%%%%%%%,%%%,%%%%%
%%%%,%%%%,%%%%%%%%%%%%%%%%%%%%%%%%%%%%%%%%%%,%%%%,%%%%,%%%%%%%%%%%%%%%%%%%%%%%%%%%%%%%%%%,%%%%,%%%%
%%%,%%%%%,%%%%%%%%%%%%%%%%%%%%%%%%%%%%%%%%%,%%%%%,%%%%%,%%%%%%%%%%%%%%%%%%%%%%%%%%%%%%%%%,%%%%%,%%%
%%,%%%%%%,%%%%%%%%%%%%%%%%%%%%%%%%%%%%%%%%,%%%%%%,%%%%%%,%%%%%%%%%%%%%%%%%%%%%%%%%%%%%%%%,%%%%%%,%%
%,%%%%%%%%%%%%%%%%%%%%%%%%%%%%%%%%%%%%%%%%%%%%%%%,%%%%%%%%%%%%%%%%%%%%%%%%%%%%%%%%%%%%%%%%%%%%%%%,%
,%%%%%%%%%%%%%%%%%%%%%%%%%%%%%%%%%%%%%%%%%%%%%%%%,%%%%%%%%%%%%%%%%%%%%%%%%%%%%%%%%%%%%%%%%%%%%%%%%,
(
###
###
###
1222222222222222222222222221222222222222222222222222221
2122222222222222222222222221222222222222222222222222212
2212222222222222222222222221222222222222222222222222122
2221222222222222222222222221222222222222222222222221222
2222122222222222222222222221222222222222222222222212222
2222212222222222222222222221222222222222222222222122222
2222221222222222222222222221222222222222222222221222222
2222222122222222222222222221222222222222222222212222222
2222222212222222222222222221222222222222222222122222222
2222222221222222222222222221222222222222222221222222222
2222222222122222222222222221222222222222222212222222222
2222222222211222222222222211122222222222221122222222222
2222222222211222222222222221222222222222221122222222222
2222222222222122222222222221222222222222212222222222222
2222222222222212222222222221222222222222122222222222222
2222222222222221212222222121212222222121222222222222222
2222222222222222112222222211122222222112222222222222222
2222222222222221112222222221222222222111222222222222222
2222222222222222221222222221222222221222222222222222222
2222222222222222222122121221221212212222222222222222222
2222222222222222222212122121212212122222222222222222222
2222222222222222222221122211122211222222222222222222222
2222222222222222222111122221222211112222222222222222222
2222222222222222222222212221222122222222222222222222222
2222222222222222222122221221221222212222222222222222222
2222222222222221222212222121212222122221222222222222222
2222222222212222122221222211122221222212222122222222222
1111111111111111111111111111111111111111111111111111111
2222222222212222122221222211122221222212222122222222222
2222222222222221222212222121212222122221222222222222222
2222222222222222222122221221221222212222222222222222222
2222222222222222222222212221222122222222222222222222222
2222222222222222222111122221222211112222222222222222222
2222222222222222222221122211122211222222222222222222222
2222222222222222222212122121212212122222222222222222222
2222222222222222222122121221221212212222222222222222222
2222222222222222221222222221222222221222222222222222222
2222222222222221112222222221222222222111222222222222222
2222222222222222112222222211122222222112222222222222222
2222222222222221212222222121212222222121222222222222222
2222222222222212222222222221222222222222122222222222222
2222222222222122222222222221222222222222212222222222222
2222222222211222222222222221222222222222221122222222222
2222222222211222222222222211122222222222221122222222222
2222222222122222222222222221222222222222222212222222222
2222222221222222222222222221222222222222222221222222222
2222222212222222222222222221222222222222222222122222222
2222222122222222222222222221222222222222222222212222222
2222221222222222222222222221222222222222222222221222222
2222212222222222222222222221222222222222222222222122222
2222122222222222222222222221222222222222222222222212222
2221222222222222222222222221222222222222222222222221222
2212222222222222222222222221222222222222222222222222122
2122222222222222222222222221222222222222222222222222212
1222222222222222222222222221222222222222222222222222221
^@@@@^@@@@^
@^@@@^@@@^@
@@^@@^@@^@@
@@@^@^@^@@@
@@@@^^^@@@@
^^^^^^^^^^^
@@@@^^^@@@@
@@@^@^@^@@@
@@^@@^@@^@@
@^@@@^@@@^@
^@@@@^@@@@^
,>>>>>>>>>>>>>>>>>>>>>>>>>>>>>>>>>,>>>>>>>>>>>>>>>>>>>>>>>>>>>>>>>>>,
>,>>>>>>>>>>>>>>>>>>>>>>>>>>>>>>>>,>>>>>>>>>>>>>>>>>>>>>>>>>>>>>>>>,>
>>,>>>>>>>>>>>>>>>>>>>>>>>>>>>>>>>,>>>>>>>>>>>>>>>>>>>>>>>>>>>>>>>,>>
>>>,>>>>>>>>>>>>>>>>>>>>>>>>>>>>>>,>>>>>>>>>>>>>>>>>>>>>>>>>>>>>>,>>>
>>>>,>>>>>>>>>>>>>>>>>>>>>>>>>>>>>,>>>>>>>>>>>>>>>>>>>>>>>>>>>>>,>>>>
>>>>>,>>>>>>>>>>>>>>>>>>>>>>>>>>>>,>>>>>>>>>>>>>>>>>>>>>>>>>>>>,>>>>>
>>>>>>,>>>>>>>>>>>>>>>>>>>>>>>>>>>,>>>>>>>>>>>>>>>>>>>>>>>>>>>,>>>>>>
>>>>>>>,>>>>,>>>>>>>>>>>>>>>>,>>>>,>>>>,>>>>>>>>>>>>>>>>,>>>>,>>>>>>>
>>>>>>>>,>>>,>>>>>>>>>>>>>>>>>,>>>,>>>,>>>>>>>>>>>>>>>>>,>>>,>>>>>>>>
>>>>>>>>>,>>,>>>>>>>>>>>>>>>>>>,>>,>>,>>>>>>>>>>>>>>>>>>,>>,>>>>>>>>>
>>>>>>>>>>,>,>>>>>>>>>>>>>>>>>>>,>,>,>>>>>>>>>>>>>>>>>>>,>,>>>>>>>>>>
>>>>>>>>>>>,,>>>>>>>>>>>>>>>>>>>>,,,>>>>>>>>>>>>>>>>>>>>,,>>>>>>>>>>>
>>>>>>>,,,,,,>>>>>>>>>>>>>>>>>>>>>,>>>>>>>>>>>>>>>>>>>>>,,,,,,>>>>>>>
>>>>>>>>>>>>>,>>>>>>>>>>>>>>>>>>>>,>>>>>>>>>>>>>>>>>>>>,>>>>>>>>>>>>>
>>>>>>>>>>>>>>,>>>>>>>>>>>>>>>>>>>,>>>>>>>>>>>>>>>>>>>,>>>>>>>>>>>>>>
>>>>>>>>>>>>>>>,>>>>>>>>>>>>>>>>>>,>>>>>>>>>>>>>>>>>>,>>>>>>>>>>>>>>>
>>>>>>>>>>>>>>>>,>>>>>>>>>>>>>>>>>,>>>>>>>>>>>>>>>>>,>>>>>>>>>>>>>>>>
>>>>>>>>>>>>>>>>>,>>>>>>>>>>>>>>>>,>>>>>>>>>>>>>>>>,>>>>>>>>>>>>>>>>>
>>>>>>>>>>>>>>>>>>,>>>>>>>>>>>>>>>,>>>>>>>>>>>>>>>,>>>>>>>>>>>>>>>>>>
>>>>>>>>>>>>>>>>>>>,>>>>>>>>>>>>>>,>>>>>>>>>>>>>>,>>>>>>>>>>>>>>>>>>>
>>>>>>>>>>>>>>>>>>>>,>>>>>>>>>>>>>,>>>>>>>>>>>>>,>>>>>>>>>>>>>>>>>>>>
>>>>>>>>>>>>>>>>>>>>>,>>>>>>>>>>>>,>>>>>>>>>>>>,>>>>>>>>>>>>>>>>>>>>>
>>>>>>>>>>>>>>>>>>>>>>,>>>>>>>>>>>,>>>>>>>>>>>,>>>>>>>>>>>>>>>>>>>>>>
>>>>>>>>>>>>>>>>>>>>>>>,>>>>>>>>>>,>>>>>>>>>>,>>>>>>>>>>>>>>>>>>>>>>>
>>>>>>>>>>>>>>>>>>>>>>>>,>>>>>>>>>,>>>>>>>>>,>>>>>>>>>>>>>>>>>>>>>>>>
>>>>>>>>>>>>>>>>>>>>>>>>>,>>>>>>>>,>>>>>>>>,>>>>>>>>>>>>>>>>>>>>>>>>>
>>>>>>>>>>>>>>>>>>>>>>>>>>,>>>>>>>,>>>>>>>,>>>>>>>>>>>>>>>>>>>>>>>>>>
>>>>>>>>>>>>>>>>>>>>>>>>>>>,>>>>>>,>>>>>>,>>>>>>>>>>>>>>>>>>>>>>>>>>>
>>>>>>>>>>>>>>>>>>>>>>>>>>>>,>>>>>,>>>>>,>>>>>>>>>>>>>>>>>>>>>>>>>>>>
>>>>>>>,>>>>>>>>>>>>>>>>>>>>>,>>>>,>>>>,>>>>>>>>>>>>>>>>>>>>>,>>>>>>>
>>>>>>>>,>>>>>>>>>>>>>>>>>>>>>,>>>,>>>,>>>>>>>>>>>>>>>>>>>>>,>>>>>>>>
>>>>>>>>>,>>>>>>>>>>>>>>>>>>>>>,>>,>>,>>>>>>>>>>>>>>>>>>>>>,>>>>>>>>>
>>>>>>>>>>,>>>>>>>>>>>>>>>>>>>>>,>,>,>>>>>>>>>>>>>>>>>>>>>,>>>>>>>>>>
>>>>>>>>>>>,>>>>>>>>>>>>>>>>>>>>>,,,>>>>>>>>>>>>>>>>>>>>>,>>>>>>>>>>>
,,,,,,,,,,,,,,,,,,,,,,,,,,,,,,,,,,,,,,,,,,,,,,,,,,,,,,,,,,,,,,,,,,,,,
>>>>>>>>>>>,>>>>>>>>>>>>>>>>>>>>>,,,>>>>>>>>>>>>>>>>>>>>>,>>>>>>>>>>>
>>>>>>>>>>,>>>>>>>>>>>>>>>>>>>>>,>,>,>>>>>>>>>>>>>>>>>>>>>,>>>>>>>>>>
>>>>>>>>>,>>>>>>>>>>>>>>>>>>>>>,>>,>>,>>>>>>>>>>>>>>>>>>>>>,>>>>>>>>>
>>>>>>>>,>>>>>>>>>>>>>>>>>>>>>,>>>,>>>,>>>>>>>>>>>>>>>>>>>>>,>>>>>>>>
>>>>>>>,>>>>>>>>>>>>>>>>>>>>>,>>>>,>>>>,>>>>>>>>>>>>>>>>>>>>>,>>>>>>>
>>>>>>>>>>>>>>>>>>>>>>>>>>>>,>>>>>,>>>>>,>>>>>>>>>>>>>>>>>>>>>>>>>>>>
>>>>>>>>>>>>>>>>>>>>>>>>>>>,>>>>>>,>>>>>>,>>>>>>>>>>>>>>>>>>>>>>>>>>>
>>>>>>>>>>>>>>>>>>>>>>>>>>,>>>>>>>,>>>>>>>,>>>>>>>>>>>>>>>>>>>>>>>>>>
>>>>>>>>>>>>>>>>>>>>>>>>>,>>>>>>>>,>>>>>>>>,>>>>>>>>>>>>>>>>>>>>>>>>>
>>>>>>>>>>>>>>>>>>>>>>>>,>>>>>>>>>,>>>>>>>>>,>>>>>>>>>>>>>>>>>>>>>>>>
>>>>>>>>>>>>>>>>>>>>>>>,>>>>>>>>>>,>>>>>>>>>>,>>>>>>>>>>>>>>>>>>>>>>>
>>>>>>>>>>>>>>>>>>>>>>,>>>>>>>>>>>,>>>>>>>>>>>,>>>>>>>>>>>>>>>>>>>>>>
>>>>>>>>>>>>>>>>>>>>>,>>>>>>>>>>>>,>>>>>>>>>>>>,>>>>>>>>>>>>>>>>>>>>>
>>>>>>>>>>>>>>>>>>>>,>>>>>>>>>>>>>,>>>>>>>>>>>>>,>>>>>>>>>>>>>>>>>>>>
>>>>>>>>>>>>>>>>>>>,>>>>>>>>>>>>>>,>>>>>>>>>>>>>>,>>>>>>>>>>>>>>>>>>>
>>>>>>>>>>>>>>>>>>,>>>>>>>>>>>>>>>,>>>>>>>>>>>>>>>,>>>>>>>>>>>>>>>>>>
>>>>>>>>>>>>>>>>>,>>>>>>>>>>>>>>>>,>>>>>>>>>>>>>>>>,>>>>>>>>>>>>>>>>>
>>>>>>>>>>>>>>>>,>>>>>>>>>>>>>>>>>,>>>>>>>>>>>>>>>>>,>>>>>>>>>>>>>>>>
>>>>>>>>>>>>>>>,>>>>>>>>>>>>>>>>>>,>>>>>>>>>>>>>>>>>>,>>>>>>>>>>>>>>>
>>>>>>>>>>>>>>,>>>>>>>>>>>>>>>>>>>,>>>>>>>>>>>>>>>>>>>,>>>>>>>>>>>>>>
>>>>>>>>>>>>>,>>>>>>>>>>>>>>>>>>>>,>>>>>>>>>>>>>>>>>>>>,>>>>>>>>>>>>>
>>>>>>>,,,,,,>>>>>>>>>>>>>>>>>>>>>,>>>>>>>>>>>>>>>>>>>>>,,,,,,>>>>>>>
>>>>>>>>>>>,,>>>>>>>>>>>>>>>>>>>>,,,>>>>>>>>>>>>>>>>>>>>,,>>>>>>>>>>>
>>>>>>>>>>,>,>>>>>>>>>>>>>>>>>>>,>,>,>>>>>>>>>>>>>>>>>>>,>,>>>>>>>>>>
>>>>>>>>>,>>,>>>>>>>>>>>>>>>>>>,>>,>>,>>>>>>>>>>>>>>>>>>,>>,>>>>>>>>>
>>>>>>>>,>>>,>>>>>>>>>>>>>>>>>,>>>,>>>,>>>>>>>>>>>>>>>>>,>>>,>>>>>>>>
>>>>>>>,>>>>,>>>>>>>>>>>>>>>>,>>>>,>>>>,>>>>>>>>>>>>>>>>,>>>>,>>>>>>>
>>>>>>,>>>>>>>>>>>>>>>>>>>>>>>>>>>,>>>>>>>>>>>>>>>>>>>>>>>>>>>,>>>>>>
>>>>>,>>>>>>>>>>>>>>>>>>>>>>>>>>>>,>>>>>>>>>>>>>>>>>>>>>>>>>>>>,>>>>>
>>>>,>>>>>>>>>>>>>>>>>>>>>>>>>>>>>,>>>>>>>>>>>>>>>>>>>>>>>>>>>>>,>>>>
>>>,>>>>>>>>>>>>>>>>>>>>>>>>>>>>>>,>>>>>>>>>>>>>>>>>>>>>>>>>>>>>>,>>>
>>,>>>>>>>>>>>>>>>>>>>>>>>>>>>>>>>,>>>>>>>>>>>>>>>>>>>>>>>>>>>>>>>,>>
>,>>>>>>>>>>>>>>>>>>>>>>>>>>>>>>>>,>>>>>>>>>>>>>>>>>>>>>>>>>>>>>>>>,>
,>>>>>>>>>>>>>>>>>>>>>>>>>>>>>>>>>,>>>>>>>>>>>>>>>>>>>>>>>>>>>>>>>>>,
',,,,,',,,,,,,,,,,,,,,,,,,,,',,,,,',,,,,',,,,,,,,,,,,,,,,,,,,,',,,,,'
,',,,,',,,,,,,,,,,,,,,,,,,,,,',,,,',,,,',,,,,,,,,,,,,,,,,,,,,,',,,,',
,,',,,',,,,,,',,,,,,,,,',,,,,,',,,',,,',,,,,,',,,,,,,,,',,,,,,',,,',,
,,,',,',,,,,,',,,,,,,,,,',,,,,,',,',,',,,,,,',,,,,,,,,,',,,,,,',,',,,
,,,,',',,,,,,',,,,,,,,,,,',,,,,,',',',,,,,,',,,,,,,,,,,',,,,,,',',,,,
,,,,,'',,,,,,',,,,,,,,,,,,',,,,,,''',,,,,,',,,,,,,,,,,,',,,,,,'',,,,,
''''''',,,,,,',,,,,,,,,,,,,',,,,,,',,,,,,',,,,,,,,,,,,,',,,,,,'''''''
,,,,,,,',,,,,',,,,,,,,,,,,,,',,,,,',,,,,',,,,,,,,,,,,,,',,,,,',,,,,,,
,,,,,,,,',,,,',,,,,,',',,,,,,',,,,',,,,',,,,,,',',,,,,,',,,,',,,,,,,,
,,,,,,,,,',,,',,,,,,',,',,,,,,',,,',,,',,,,,,',,',,,,,,',,,',,,,,,,,,
,,,,,,,,,,',,',,,,,,',,,',,,,,,',,',,',,,,,,',,,',,,,,,',,',,,,,,,,,,
,,,,,,,,,,,',',,,,,,',,,,',,,,,,',',',,,,,,',,,,',,,,,,',',,,,,,,,,,,
,,,,,,,,,,,,'',,,,,,',,,,,',,,,,,''',,,,,,',,,,,',,,,,,'',,,,,,,,,,,,
,,'''''''''''',,,,,,',,,,,,',,,,,,',,,,,,',,,,,,',,,,,,'''''''''''',,
,,,,,,,,,,,,,,',,,,,'',,,,,'',,,,,',,,,,'',,,,,'',,,,,',,,,,,,,,,,,,,
,,,,,,,,,,,,,,,',,,,',',,,,',',,,,',,,,',',,,,',',,,,',,,,,,,,,,,,,,,
,,,,,,,,,,,,,,,,',,,',,',,,',,',,,',,,',,',,,',,',,,',,,,,,,,,,,,,,,,
,,,,,,,,,,,,,,,,,',,',,,',,',,,',,',,',,,',,',,,',,',,,,,,,,,,,,,,,,,
,,,,,,,,,,,,,,,,,,',',,,,',',,,,',',',,,,',',,,,',',,,,,,,,,,,,,,,,,,
,,,,,,,,,,,,,,,,,,,'',,,,,'',,,,,''',,,,,'',,,,,'',,,,,,,,,,,,,,,,,,,
,,,,,,,,''''''''''''',,,,,,',,,,,,',,,,,,',,,,,,''''''''''''',,,,,,,,
,,,,,,,,,,,,,,',,,,,,',,,,,'',,,,,',,,,,'',,,,,',,,,,,',,,,,,,,,,,,,,
,,,,,,,,',,,,,,',,,,,,',,,,',',,,,',,,,',',,,,',,,,,,',,,,,,',,,,,,,,
,,',,,,,,',,,,,,',,,,,,',,,',,',,,',,,',,',,,',,,,,,',,,,,,',,,,,,',,
,,,',,,,,,',,,,,,',,,,,,',,',,,',,',,',,,',,',,,,,,',,,,,,',,,,,,',,,
,,,,',,,,,,',,,,,,',,,,,,',',,,,',',',,,,',',,,,,,',,,,,,',,,,,,',,,,
,,,,,',,,,,,',,,,,,',,,,,,'',,,,,''',,,,,'',,,,,,',,,,,,',,,,,,',,,,,
,,,,,,',,,,,,''''''''''''''',,,,,,',,,,,,''''''''''''''',,,,,,',,,,,,
',,,,,,',,,,,,',,,,,,',,,,,,',,,,,',,,,,',,,,,,',,,,,,',,,,,,',,,,,,'
,',,,,,,',,,,,,',,,,,,',,,,,,',,,,',,,,',,,,,,',,,,,,',,,,,,',,,,,,',
,,',,,,,,',,,,,,',,,,,,',,,,,,',,,',,,',,,,,,',,,,,,',,,,,,',,,,,,',,
,,,',,,,,,',,,,,,',,,,,,',,,,,,',,',,',,,,,,',,,,,,',,,,,,',,,,,,',,,
,,,,',,,,,,',,,,,,',,,,,,',,,,,,',',',,,,,,',,,,,,',,,,,,',,,,,,',,,,
,,,,,',,,,,,',,,,,,',,,,,,',,,,,,''',,,,,,',,,,,,',,,,,,',,,,,,',,,,,
'''''''''''''''''''''''''''''''''''''''''''''''''''''''''''''''''''''
,,,,,',,,,,,',,,,,,',,,,,,',,,,,,''',,,,,,',,,,,,',,,,,,',,,,,,',,,,,
,,,,',,,,,,',,,,,,',,,,,,',,,,,,',',',,,,,,',,,,,,',,,,,,',,,,,,',,,,
,,,',,,,,,',,,,,,',,,,,,',,,,,,',,',,',,,,,,',,,,,,',,,,,,',,,,,,',,,
,,',,,,,,',,,,,,',,,,,,',,,,,,',,,',,,',,,,,,',,,,,,',,,,,,',,,,,,',,
,',,,,,,',,,,,,',,,,,,',,,,,,',,,,',,,,',,,,,,',,,,,,',,,,,,',,,,,,',
',,,,,,',,,,,,',,,,,,',,,,,,',,,,,',,,,,',,,,,,',,,,,,',,,,,,',,,,,,'
,,,,,,',,,,,,''''''''''''''',,,,,,',,,,,,''''''''''''''',,,,,,',,,,,,
,,,,,',,,,,,',,,,,,',,,,,,'',,,,,''',,,,,'',,,,,,',,,,,,',,,,,,',,,,,
,,,,',,,,,,',,,,,,',,,,,,',',,,,',',',,,,',',,,,,,',,,,,,',,,,,,',,,,
,,,',,,,,,',,,,,,',,,,,,',,',,,',,',,',,,',,',,,,,,',,,,,,',,,,,,',,,
,,',,,,,,',,,,,,',,,,,,',,,',,',,,',,,',,',,,',,,,,,',,,,,,',,,,,,',,
,,,,,,,,',,,,,,',,,,,,',,,,',',,,,',,,,',',,,,',,,,,,',,,,,,',,,,,,,,
,,,,,,,,,,,,,,',,,,,,',,,,,'',,,,,',,,,,'',,,,,',,,,,,',,,,,,,,,,,,,,
,,,,,,,,''''''''''''',,,,,,',,,,,,',,,,,,',,,,,,''''''''''''',,,,,,,,
,,,,,,,,,,,,,,,,,,,'',,,,,'',,,,,''',,,,,'',,,,,'',,,,,,,,,,,,,,,,,,,
,,,,,,,,,,,,,,,,,,',',,,,',',,,,',',',,,,',',,,,',',,,,,,,,,,,,,,,,,,
,,,,,,,,,,,,,,,,,',,',,,',,',,,',,',,',,,',,',,,',,',,,,,,,,,,,,,,,,,
,,,,,,,,,,,,,,,,',,,',,',,,',,',,,',,,',,',,,',,',,,',,,,,,,,,,,,,,,,
,,,,,,,,,,,,,,,',,,,',',,,,',',,,,',,,,',',,,,',',,,,',,,,,,,,,,,,,,,
,,,,,,,,,,,,,,',,,,,'',,,,,'',,,,,',,,,,'',,,,,'',,,,,',,,,,,,,,,,,,,
,,'''''''''''',,,,,,',,,,,,',,,,,,',,,,,,',,,,,,',,,,,,'''''''''''',,
,,,,,,,,,,,,'',,,,,,',,,,,',,,,,,''',,,,,,',,,,,',,,,,,'',,,,,,,,,,,,
,,,,,,,,,,,',',,,,,,',,,,',,,,,,',',',,,,,,',,,,',,,,,,',',,,,,,,,,,,
,,,,,,,,,,',,',,,,,,',,,',,,,,,',,',,',,,,,,',,,',,,,,,',,',,,,,,,,,,
,,,,,,,,,',,,',,,,,,',,',,,,,,',,,',,,',,,,,,',,',,,,,,',,,',,,,,,,,,
,,,,,,,,',,,,',,,,,,',',,,,,,',,,,',,,,',,,,,,',',,,,,,',,,,',,,,,,,,
,,,,,,,',,,,,',,,,,,,,,,,,,,',,,,,',,,,,',,,,,,,,,,,,,,',,,,,',,,,,,,
''''''',,,,,,',,,,,,,,,,,,,',,,,,,',,,,,,',,,,,,,,,,,,,',,,,,,'''''''
,,,,,'',,,,,,',,,,,,,,,,,,',,,,,,''',,,,,,',,,,,,,,,,,,',,,,,,'',,,,,
,,,,',',,,,,,',,,,,,,,,,,',,,,,,',',',,,,,,',,,,,,,,,,,',,,,,,',',,,,
,,,',,',,,,,,',,,,,,,,,,',,,,,,',,',,',,,,,,',,,,,,,,,,',,,,,,',,',,,
,,',,,',,,,,,',,,,,,,,,',,,,,,',,,',,,',,,,,,',,,,,,,,,',,,,,,',,,',,
,',,,,',,,,,,,,,,,,,,,,,,,,,,',,,,',,,,',,,,,,,,,,,,,,,,,,,,,,',,,,',
',,,,,',,,,,,,,,,,,,,,,,,,,,',,,,,',,,,,',,,,,,,,,,,,,,,,,,,,,',,,,,'
*?*?????????????????????????????????*?*?*?????????????????????????????????*?*
?**??????????????????????????????????***??????????????????????????????????**?
***???????????????????????????????????*???????????????????????????????????***
???*??*????????????????????????????*??*??*????????????????????????????*??*???
????*?*?????????????????????????????*?*?*?????????????????????????????*?*????
?????**??????????????????????????????***??????????????????????????????**?????
???****???*???????????????????????*???*???*???????????????????????*???****???
???????*??*????????????????????????*??*??*????????????????????????*??*???????
????????*?*?????????????????????????*?*?*?????????????????????????*?*????????
?????????**???*??????????????????*???***???*??????????????????*???**?????????
??????*****???*???????????????????*???*???*???????????????????*???*****??????
???????????*??*????????????????????*??*??*????????????????????*??*???????????
????????????*?*???*?????????????*???*?*?*???*?????????????*???*?*????????????
?????????????**???*??????????????*???***???*??????????????*???**?????????????
?????????******???*???????????????*???*???*???????????????*???******?????????
???????????????*??*???*????????*???*??*??*???*????????*???*??*???????????????
????????????????*?*???*?????????*???*?*?*???*?????????*???*?*????????????????
?????????????????**???*??????????*???***???*??????????*???**?????????????????
????????????*******???*???*???*???*???*???*???*???*???*???*******????????????
???????????????????*??*???*????*???*??*??*???*????*???*??*???????????????????
????????????????????*?*???*?????*???*?*?*???*?????*???*?*????????????????????
?????????????????????**???*??**??*???***???*??**??*???**?????????????????????
???????????????********???*???*???*???*???*???*???*???********???????????????
???????????????????????*??*???**???*??*??*???**???*??*???????????????????????
????????????????????????*?*?*?*?*?*?*?*?*?*?*?*?*?*?*????????????????????????
?????????????????????????**??**??**??***??**??**??**?????????????????????????
??????????????????*********???*???*???*???*???*???*********??????????????????
???????????????????????????*??**??**??*??**??**??*???????????????????????????
????????????????????????*???*?*?*?*?*?*?*?*?*?*?*???*????????????????????????
?????????????????????*???*???**??**??***??**??**???*???*?????????????????????
??????????????????*??**********???*???*???*???**********??*??????????????????
???????????????*???*???*???*???*??**??*??**??*???*???*???*???*???????????????
????????????*???*???*???*???*???*?*?*?*?*?*?*???*???*???*???*???*????????????
?????????*???*???*???*???*???*???**??***??**???*???*???*???*???*???*?????????
??????*???*???*???*???*?***********???*???***********?*???*???*???*???*??????
???*???*???*???*???*???*???*???*???*??*??*???*???*???*???*???*???*???*???*???
*???*???*???*???*???*???*???*???*???*?*?*???*???*???*???*???*???*???*???*???*
?*???*???*???*???*???*???*???*???*???***???*???*???*???*???*???*???*???*???*?
*****************************************************************************
?*???*???*???*???*???*???*???*???*???***???*???*???*???*???*???*???*???*???*?
*???*???*???*???*???*???*???*???*???*?*?*???*???*???*???*???*???*???*???*???*
???*???*???*???*???*???*???*???*???*??*??*???*???*???*???*???*???*???*???*???
??????*???*???*???*???*?***********???*???***********?*???*???*???*???*??????
?????????*???*???*???*???*???*???**??***??**???*???*???*???*???*???*?????????
????????????*???*???*???*???*???*?*?*?*?*?*?*???*???*???*???*???*????????????
???????????????*???*???*???*???*??**??*??**??*???*???*???*???*???????????????
??????????????????*??**********???*???*???*???**********??*??????????????????
?????????????????????*???*???**??**??***??**??**???*???*?????????????????????
????????????????????????*???*?*?*?*?*?*?*?*?*?*?*???*????????????????????????
???????????????????????????*??**??**??*??**??**??*???????????????????????????
??????????????????*********???*???*???*???*???*???*********??????????????????
?????????????????????????**??**??**??***??**??**??**?????????????????????????
????????????????????????*?*?*?*?*?*?*?*?*?*?*?*?*?*?*????????????????????????
???????????????????????*??*???**???*??*??*???**???*??*???????????????????????
???????????????********???*???*???*???*???*???*???*???********???????????????
?????????????????????**???*??**??*???***???*??**??*???**?????????????????????
????????????????????*?*???*?????*???*?*?*???*?????*???*?*????????????????????
???????????????????*??*???*????*???*??*??*???*????*???*??*???????????????????
????????????*******???*???*???*???*???*???*???*???*???*???*******????????????
?????????????????**???*??????????*???***???*??????????*???**?????????????????
????????????????*?*???*?????????*???*?*?*???*?????????*???*?*????????????????
???????????????*??*???*????????*???*??*??*???*????????*???*??*???????????????
?????????******???*???????????????*???*???*???????????????*???******?????????
?????????????**???*??????????????*???***???*??????????????*???**?????????????
????????????*?*???*?????????????*???*?*?*???*?????????????*???*?*????????????
???????????*??*????????????????????*??*??*????????????????????*??*???????????
??????*****???*???????????????????*???*???*???????????????????*???*****??????
?????????**???*??????????????????*???***???*??????????????????*???**?????????
????????*?*?????????????????????????*?*?*?????????????????????????*?*????????
???????*??*????????????????????????*??*??*????????????????????????*??*???????
???****???*???????????????????????*???*???*???????????????????????*???****???
?????**??????????????????????????????***??????????????????????????????**?????
????*?*?????????????????????????????*?*?*?????????????????????????????*?*????
???*??*????????????????????????????*??*??*????????????????????????????*??*???
***???????????????????????????????????*???????????????????????????????????***
?**??????????????????????????????????***??????????????????????????????????**?
*?*?????????????????????????????????*?*?*?????????????????????????????????*?*
kJJJJkJJJJJkJJJJkJJJJkJJJJJkJJJJk
JkJJJkJJJJJJkJJJkJJJkJJJJJJkJJJkJ
JJkJJkJJJJJJJkJJkJJkJJJJJJJkJJkJJ
JJJkJkJJJJJJJJkJkJkJJJJJJJJkJkJJJ
JJJJkkJJJJJJJJJkkkJJJJJJJJJkkJJJJ
kkkkkkJJJJJJJJJJkJJJJJJJJJJkkkkkk
JJJJJJkJJJJJJJJJkJJJJJJJJJkJJJJJJ
JJJJJJJkJJJJJJJJkJJJJJJJJkJJJJJJJ
JJJJJJJJkJJJJJJJkJJJJJJJkJJJJJJJJ
JJJJJJJJJkJJJJJJkJJJJJJkJJJJJJJJJ
JJJJJJJJJJkJJJJJkJJJJJkJJJJJJJJJJ
kJJJJJJJJJJkJJJJkJJJJkJJJJJJJJJJk
JkJJJJJJJJJJkJJJkJJJkJJJJJJJJJJkJ
JJkJJJJJJJJJJkJJkJJkJJJJJJJJJJkJJ
JJJkJJJJJJJJJJkJkJkJJJJJJJJJJkJJJ
JJJJkJJJJJJJJJJkkkJJJJJJJJJJkJJJJ
kkkkkkkkkkkkkkkkkkkkkkkkkkkkkkkkk
JJJJkJJJJJJJJJJkkkJJJJJJJJJJkJJJJ
JJJkJJJJJJJJJJkJkJkJJJJJJJJJJkJJJ
JJkJJJJJJJJJJkJJkJJkJJJJJJJJJJkJJ
JkJJJJJJJJJJkJJJkJJJkJJJJJJJJJJkJ
kJJJJJJJJJJkJJJJkJJJJkJJJJJJJJJJk
JJJJJJJJJJkJJJJJkJJJJJkJJJJJJJJJJ
JJJJJJJJJkJJJJJJkJJJJJJkJJJJJJJJJ
JJJJJJJJkJJJJJJJkJJJJJJJkJJJJJJJJ
JJJJJJJkJJJJJJJJkJJJJJJJJkJJJJJJJ
JJJJJJkJJJJJJJJJkJJJJJJJJJkJJJJJJ
kkkkkkJJJJJJJJJJkJJJJJJJJJJkkkkkk
JJJJkkJJJJJJJJJkkkJJJJJJJJJkkJJJJ
JJJkJkJJJJJJJJkJkJkJJJJJJJJkJkJJJ
JJkJJkJJJJJJJkJJkJJkJJJJJJJkJJkJJ
JkJJJkJJJJJJkJJJkJJJkJJJJJJkJJJkJ
kJJJJkJJJJJkJJJJkJJJJkJJJJJkJJJJk
)iiiiiiiiiiiiiiiiiiiiiiiiiiiiiiiii)iiiiiiiiiiiiiiiiiiiiiiiiiiiiiiiii)
i)iiiiiiiiiiiiiiiiiiiiiiiiiiiiiiii)iiiiiiiiiiiiiiiiiiiiiiiiiiiiiiii)i
ii)iiiiiiiiiiiiiiiiiiiiiiiiiiiiiii)iiiiiiiiiiiiiiiiiiiiiiiiiiiiiii)ii
iii)iiiiiiiiiiiiiiiiiiiiiiiiiiiiii)iiiiiiiiiiiiiiiiiiiiiiiiiiiiii)iii
iiii)iiiiiiii)iiiiiiiiiii)iiiiiiii)iiiiiiii)iiiiiiiiiii)iiiiiiii)iiii
iiiii)iiiiiii)iiiiiiiiiiii)iiiiiii)iiiiiii)iiiiiiiiiiii)iiiiiii)iiiii
iiiiii)iiiiii)iiiiiiiiiiiii)iiiiii)iiiiii)iiiiiiiiiiiii)iiiiii)iiiiii
iiiiiii)iiiii)iiiiiiiiiiiiii)iiiii)iiiii)iiiiiiiiiiiiii)iiiii)iiiiiii
iiiiiiii)iiii)iiiiiiiiiiiiiii)iiii)iiii)iiiiiiiiiiiiiii)iiii)iiiiiiii
iiiiiiiii)iii)iiiiiiiiiiiiiiii)iii)iii)iiiiiiiiiiiiiiii)iii)iiiiiiiii
iiiiiiiiii)ii)iiiiiiiiiiiiiiiii)ii)ii)iiiiiiiiiiiiiiiii)ii)iiiiiiiiii
iiiiiiiiiii)i)iiiiiiiiiiiiiiiiii)i)i)iiiiiiiiiiiiiiiiii)i)iiiiiiiiiii
iiiiiiiiiiii))iiiiiiiiiiiiiiiiiii)))iiiiiiiiiiiiiiiiiii))iiiiiiiiiiii
iiii))))))))))iiiiiiiiiiiiiiiiiiii)iiiiiiiiiiiiiiiiiiii))))))))))iiii
iiiiiiiiiiiiii)iiiiiiiiiiiiiiiiiii)iiiiiiiiiiiiiiiiiii)iiiiiiiiiiiiii
iiiiiiiiiiiiiii)iiiiiiiiiiiiiiiiii)iiiiiiiiiiiiiiiiii)iiiiiiiiiiiiiii
iiiiiiiiiiiiiiii)iiiiiiiiiiiiiiiii)iiiiiiiiiiiiiiiii)iiiiiiiiiiiiiiii
iiiiiiiiiiiiiiiii)iiiiiiiiiiiiiiii)iiiiiiiiiiiiiiii)iiiiiiiiiiiiiiiii
iiiiiiiiiiiiiiiiii)iiiiiiiiiiiiiii)iiiiiiiiiiiiiii)iiiiiiiiiiiiiiiiii
iiiiiiiiiiiiiiiiiii)iiiiiiiiiiiiii)iiiiiiiiiiiiii)iiiiiiiiiiiiiiiiiii
iiiiiiiiiiiiiiiiiiii)iiiiiiiiiiiii)iiiiiiiiiiiii)iiiiiiiiiiiiiiiiiiii
iiiiiiiiiiiiiiiiiiiii)iiiiiiiiiiii)iiiiiiiiiiii)iiiiiiiiiiiiiiiiiiiii
iiiiiiiiiiiiiiiiiiiiii)iiiiiiiiiii)iiiiiiiiiii)iiiiiiiiiiiiiiiiiiiiii
iiiiiiiiiiiiiiiiiiiiiii)iiiiiiiiii)iiiiiiiiii)iiiiiiiiiiiiiiiiiiiiiii
iiiiiiiiiiiiiiiiiiiiiiii)iiiiiiiii)iiiiiiiii)iiiiiiiiiiiiiiiiiiiiiiii
iiii)iiiiiiiiiiiiiiiiiiii)iiiiiiii)iiiiiiii)iiiiiiiiiiiiiiiiiiii)iiii
iiiii)iiiiiiiiiiiiiiiiiiii)iiiiiii)iiiiiii)iiiiiiiiiiiiiiiiiiii)iiiii
iiiiii)iiiiiiiiiiiiiiiiiiii)iiiiii)iiiiii)iiiiiiiiiiiiiiiiiiii)iiiiii
iiiiiii)iiiiiiiiiiiiiiiiiiii)iiiii)iiiii)iiiiiiiiiiiiiiiiiiii)iiiiiii
iiiiiiii)iiiiiiiiiiiiiiiiiiii)iiii)iiii)iiiiiiiiiiiiiiiiiiii)iiiiiiii
iiiiiiiii)iiiiiiiiiiiiiiiiiiii)iii)iii)iiiiiiiiiiiiiiiiiiii)iiiiiiiii
iiiiiiiiii)iiiiiiiiiiiiiiiiiiii)ii)ii)iiiiiiiiiiiiiiiiiiii)iiiiiiiiii
iiiiiiiiiii)iiiiiiiiiiiiiiiiiiii)i)i)iiiiiiiiiiiiiiiiiiii)iiiiiiiiiii
iiiiiiiiiiii)iiiiiiiiiiiiiiiiiiii)))iiiiiiiiiiiiiiiiiiii)iiiiiiiiiiii
)))))))))))))))))))))))))))))))))))))))))))))))))))))))))))))))))))))
iiiiiiiiiiii)iiiiiiiiiiiiiiiiiiii)))iiiiiiiiiiiiiiiiiiii)iiiiiiiiiiii
iiiiiiiiiii)iiiiiiiiiiiiiiiiiiii)i)i)iiiiiiiiiiiiiiiiiiii)iiiiiiiiiii
iiiiiiiiii)iiiiiiiiiiiiiiiiiiii)ii)ii)iiiiiiiiiiiiiiiiiiii)iiiiiiiiii
iiiiiiiii)iiiiiiiiiiiiiiiiiiii)iii)iii)iiiiiiiiiiiiiiiiiiii)iiiiiiiii
iiiiiiii)iiiiiiiiiiiiiiiiiiii)iiii)iiii)iiiiiiiiiiiiiiiiiiii)iiiiiiii
iiiiiii)iiiiiiiiiiiiiiiiiiii)iiiii)iiiii)iiiiiiiiiiiiiiiiiiii)iiiiiii
iiiiii)iiiiiiiiiiiiiiiiiiii)iiiiii)iiiiii)iiiiiiiiiiiiiiiiiiii)iiiiii
iiiii)iiiiiiiiiiiiiiiiiiii)iiiiiii)iiiiiii)iiiiiiiiiiiiiiiiiiii)iiiii
iiii)iiiiiiiiiiiiiiiiiiii)iiiiiiii)iiiiiiii)iiiiiiiiiiiiiiiiiiii)iiii
iiiiiiiiiiiiiiiiiiiiiiii)iiiiiiiii)iiiiiiiii)iiiiiiiiiiiiiiiiiiiiiiii
iiiiiiiiiiiiiiiiiiiiiii)iiiiiiiiii)iiiiiiiiii)iiiiiiiiiiiiiiiiiiiiiii
iiiiiiiiiiiiiiiiiiiiii)iiiiiiiiiii)iiiiiiiiiii)iiiiiiiiiiiiiiiiiiiiii
iiiiiiiiiiiiiiiiiiiii)iiiiiiiiiiii)iiiiiiiiiiii)iiiiiiiiiiiiiiiiiiiii
iiiiiiiiiiiiiiiiiiii)iiiiiiiiiiiii)iiiiiiiiiiiii)iiiiiiiiiiiiiiiiiiii
iiiiiiiiiiiiiiiiiii)iiiiiiiiiiiiii)iiiiiiiiiiiiii)iiiiiiiiiiiiiiiiiii
iiiiiiiiiiiiiiiiii)iiiiiiiiiiiiiii)iiiiiiiiiiiiiii)iiiiiiiiiiiiiiiiii
iiiiiiiiiiiiiiiii)iiiiiiiiiiiiiiii)iiiiiiiiiiiiiiii)iiiiiiiiiiiiiiiii
iiiiiiiiiiiiiiii)iiiiiiiiiiiiiiiii)iiiiiiiiiiiiiiiii)iiiiiiiiiiiiiiii
iiiiiiiiiiiiiii)iiiiiiiiiiiiiiiiii)iiiiiiiiiiiiiiiiii)iiiiiiiiiiiiiii
iiiiiiiiiiiiii)iiiiiiiiiiiiiiiiiii)iiiiiiiiiiiiiiiiiii)iiiiiiiiiiiiii
iiii))))))))))iiiiiiiiiiiiiiiiiiii)iiiiiiiiiiiiiiiiiiii))))))))))iiii
iiiiiiiiiiii))iiiiiiiiiiiiiiiiiii)))iiiiiiiiiiiiiiiiiii))iiiiiiiiiiii
iiiiiiiiiii)i)iiiiiiiiiiiiiiiiii)i)i)iiiiiiiiiiiiiiiiii)i)iiiiiiiiiii
iiiiiiiiii)ii)iiiiiiiiiiiiiiiii)ii)ii)iiiiiiiiiiiiiiiii)ii)iiiiiiiiii
iiiiiiiii)iii)iiiiiiiiiiiiiiii)iii)iii)iiiiiiiiiiiiiiii)iii)iiiiiiiii
iiiiiiii)iiii)iiiiiiiiiiiiiii)iiii)iiii)iiiiiiiiiiiiiii)iiii)iiiiiiii
iiiiiii)iiiii)iiiiiiiiiiiiii)iiiii)iiiii)iiiiiiiiiiiiii)iiiii)iiiiiii
iiiiii)iiiiii)iiiiiiiiiiiii)iiiiii)iiiiii)iiiiiiiiiiiii)iiiiii)iiiiii
iiiii)iiiiiii)iiiiiiiiiiii)iiiiiii)iiiiiii)iiiiiiiiiiii)iiiiiii)iiiii
iiii)iiiiiiii)iiiiiiiiiii)iiiiiiii)iiiiiiii)iiiiiiiiiii)iiiiiiii)iiii
iii)iiiiiiiiiiiiiiiiiiiiiiiiiiiiii)iiiiiiiiiiiiiiiiiiiiiiiiiiiiii)iii
ii)iiiiiiiiiiiiiiiiiiiiiiiiiiiiiii)iiiiiiiiiiiiiiiiiiiiiiiiiiiiiii)ii
i)iiiiiiiiiiiiiiiiiiiiiiiiiiiiiiii)iiiiiiiiiiiiiiiiiiiiiiiiiiiiiiii)i
)iiiiiiiiiiiiiiiiiiiiiiiiiiiiiiiii)iiiiiiiiiiiiiiiiiiiiiiiiiiiiiiiii)
.^^^^^^^^^^^^^^^^^^^^^^^^^^^^^^^^^.^^^^^^^^^^^^^^^^^^^^^^^^^^^^^^^^^.
^.^^^^^^^^^^^^^^^^^^^^^^^^^^^^^^^^.^^^^^^^^^^^^^^^^^^^^^^^^^^^^^^^^.^
^^.^^^^^^^^^^^^^^^^^^^^^^^^^^^^^^^.^^^^^^^^^^^^^^^^^^^^^^^^^^^^^^^.^^
^^^.^^^^^^^^^^^^^^^^^^^^^^^^^^^^^^.^^^^^^^^^^^^^^^^^^^^^^^^^^^^^^.^^^
^^^^.^^^^^^^^^^^^^^^^^^^^^^^^^^^^^.^^^^^^^^^^^^^^^^^^^^^^^^^^^^^.^^^^
^^^^^.^^^^^^^^^^^^^^^^^^^^^^^^^^^^.^^^^^^^^^^^^^^^^^^^^^^^^^^^^.^^^^^
^^^^^^.^^^^^^^^^^^^^^^^^^^^^^^^^^^.^^^^^^^^^^^^^^^^^^^^^^^^^^^.^^^^^^
^^^^^^^.^^^^^^^^^^^^^^^^^^^^^^^^^^.^^^^^^^^^^^^^^^^^^^^^^^^^^.^^^^^^^
^^^^^^^^.^^^^^^^^^^^^^^^^^^^^^^^^^.^^^^^^^^^^^^^^^^^^^^^^^^^.^^^^^^^^
^^^^^^^^^.^^^^^^^^^^^^^^^^^^^^^^^^.^^^^^^^^^^^^^^^^^^^^^^^^.^^^^^^^^^
^^^^^^^^^^.^^^^^^^^^^^^^^^^^^^^^^^.^^^^^^^^^^^^^^^^^^^^^^^.^^^^^^^^^^
^^^^^^^^^^^.^^^^^^^^^^^^^^^^^^^^^^.^^^^^^^^^^^^^^^^^^^^^^.^^^^^^^^^^^
^^^^^^^^^^^^.^^^^^^^^^^^^^^^^^^^^^.^^^^^^^^^^^^^^^^^^^^^.^^^^^^^^^^^^
^^^^^^^^^^^^^.^^^^^^^^^^^^^^^^^^^^.^^^^^^^^^^^^^^^^^^^^.^^^^^^^^^^^^^
^^^^^^^^^^^^^^.^^^^^^^^^^^^^^^^^^^.^^^^^^^^^^^^^^^^^^^.^^^^^^^^^^^^^^
^^^^^^^^^^^^^^^.^^^^^^^^^^^^^^^^^^.^^^^^^^^^^^^^^^^^^.^^^^^^^^^^^^^^^
^^^^^^^^^^^^^^^^.^^^^^^^^^^^^^^^^^.^^^^^^^^^^^^^^^^^.^^^^^^^^^^^^^^^^
^^^^^^^^^^^^^^^^^.^^^^^^^^^^^^^^^^.^^^^^^^^^^^^^^^^.^^^^^^^^^^^^^^^^^
^^^^^^^^^^^^^^^^^^.^^^^^^^^^^^^^^^.^^^^^^^^^^^^^^^.^^^^^^^^^^^^^^^^^^
^^^^^^^^^^^^^^^^^^^.^^^^^^^^^^^^^^.^^^^^^^^^^^^^^.^^^^^^^^^^^^^^^^^^^
^^^^^^^^^^^^^^^^^^^^.^^^^^^^^^^^^^.^^^^^^^^^^^^^.^^^^^^^^^^^^^^^^^^^^
^^^^^^^^^^^^^^^^^^^^^.^^^^^^^^^^^^.^^^^^^^^^^^^.^^^^^^^^^^^^^^^^^^^^^
^^^^^^^^^^^^^^^^^^^^^^.^^^^^^^^^^^.^^^^^^^^^^^.^^^^^^^^^^^^^^^^^^^^^^
^^^^^^^^^^^^^^^^^^^^^^^.^^^^^^^^^^.^^^^^^^^^^.^^^^^^^^^^^^^^^^^^^^^^^
^^^^^^^^^^^^^^^^^^^^^^^^.^^^^^^^^^.^^^^^^^^^.^^^^^^^^^^^^^^^^^^^^^^^^
^^^^^^^^^^^^^^^^^^^^^^^^^.^^^^^^^^.^^^^^^^^.^^^^^^^^^^^^^^^^^^^^^^^^^
^^^^^^^^^^^^^^^^^^^^^^^^^^.^^^^^^^.^^^^^^^.^^^^^^^^^^^^^^^^^^^^^^^^^^
^^^^^^^^^^^^^^^^^^^^^^^^^^^.^^^^^^.^^^^^^.^^^^^^^^^^^^^^^^^^^^^^^^^^^
^^^^^^^^^^^^^^^^^^^^^^^^^^^^.^^^^^.^^^^^.^^^^^^^^^^^^^^^^^^^^^^^^^^^^
^^^^^^^^^^^^^^^^^^^^^^^^^^^^^.^^^^.^^^^.^^^^^^^^^^^^^^^^^^^^^^^^^^^^^
^^^^^^^^^^^^^^^^^^^^^^^^^^^^^^.^^^.^^^.^^^^^^^^^^^^^^^^^^^^^^^^^^^^^^
^^^^^^^^^^^^^^^^^^^^^^^^^^^^^^^.......^^^^^^^^^^^^^^^^^^^^^^^^^^^^^^^
^^^^^^^^^^^^^^^^^^^^^^^^^^^^^^^.......^^^^^^^^^^^^^^^^^^^^^^^^^^^^^^^
^^^^^^^^^^^^^^^^^^^^^^^^^^^^^^^.......^^^^^^^^^^^^^^^^^^^^^^^^^^^^^^^
.....................................................................
^^^^^^^^^^^^^^^^^^^^^^^^^^^^^^^.......^^^^^^^^^^^^^^^^^^^^^^^^^^^^^^^
^^^^^^^^^^^^^^^^^^^^^^^^^^^^^^^.......^^^^^^^^^^^^^^^^^^^^^^^^^^^^^^^
^^^^^^^^^^^^^^^^^^^^^^^^^^^^^^^.......^^^^^^^^^^^^^^^^^^^^^^^^^^^^^^^
^^^^^^^^^^^^^^^^^^^^^^^^^^^^^^.^^^.^^^.^^^^^^^^^^^^^^^^^^^^^^^^^^^^^^
^^^^^^^^^^^^^^^^^^^^^^^^^^^^^.^^^^.^^^^.^^^^^^^^^^^^^^^^^^^^^^^^^^^^^
^^^^^^^^^^^^^^^^^^^^^^^^^^^^.^^^^^.^^^^^.^^^^^^^^^^^^^^^^^^^^^^^^^^^^
^^^^^^^^^^^^^^^^^^^^^^^^^^^.^^^^^^.^^^^^^.^^^^^^^^^^^^^^^^^^^^^^^^^^^
^^^^^^^^^^^^^^^^^^^^^^^^^^.^^^^^^^.^^^^^^^.^^^^^^^^^^^^^^^^^^^^^^^^^^
^^^^^^^^^^^^^^^^^^^^^^^^^.^^^^^^^^.^^^^^^^^.^^^^^^^^^^^^^^^^^^^^^^^^^
^^^^^^^^^^^^^^^^^^^^^^^^.^^^^^^^^^.^^^^^^^^^.^^^^^^^^^^^^^^^^^^^^^^^^
^^^^^^^^^^^^^^^^^^^^^^^.^^^^^^^^^^.^^^^^^^^^^.^^^^^^^^^^^^^^^^^^^^^^^
^^^^^^^^^^^^^^^^^^^^^^.^^^^^^^^^^^.^^^^^^^^^^^.^^^^^^^^^^^^^^^^^^^^^^
^^^^^^^^^^^^^^^^^^^^^.^^^^^^^^^^^^.^^^^^^^^^^^^.^^^^^^^^^^^^^^^^^^^^^
^^^^^^^^^^^^^^^^^^^^.^^^^^^^^^^^^^.^^^^^^^^^^^^^.^^^^^^^^^^^^^^^^^^^^
^^^^^^^^^^^^^^^^^^^.^^^^^^^^^^^^^^.^^^^^^^^^^^^^^.^^^^^^^^^^^^^^^^^^^
^^^^^^^^^^^^^^^^^^.^^^^^^^^^^^^^^^.^^^^^^^^^^^^^^^.^^^^^^^^^^^^^^^^^^
^^^^^^^^^^^^^^^^^.^^^^^^^^^^^^^^^^.^^^^^^^^^^^^^^^^.^^^^^^^^^^^^^^^^^
^^^^^^^^^^^^^^^^.^^^^^^^^^^^^^^^^^.^^^^^^^^^^^^^^^^^.^^^^^^^^^^^^^^^^
^^^^^^^^^^^^^^^.^^^^^^^^^^^^^^^^^^.^^^^^^^^^^^^^^^^^^.^^^^^^^^^^^^^^^
^^^^^^^^^^^^^^.^^^^^^^^^^^^^^^^^^^.^^^^^^^^^^^^^^^^^^^.^^^^^^^^^^^^^^
^^^^^^^^^^^^^.^^^^^^^^^^^^^^^^^^^^.^^^^^^^^^^^^^^^^^^^^.^^^^^^^^^^^^^
^^^^^^^^^^^^.^^^^^^^^^^^^^^^^^^^^^.^^^^^^^^^^^^^^^^^^^^^.^^^^^^^^^^^^
^^^^^^^^^^^.^^^^^^^^^^^^^^^^^^^^^^.^^^^^^^^^^^^^^^^^^^^^^.^^^^^^^^^^^
^^^^^^^^^^.^^^^^^^^^^^^^^^^^^^^^^^.^^^^^^^^^^^^^^^^^^^^^^^.^^^^^^^^^^
^^^^^^^^^.^^^^^^^^^^^^^^^^^^^^^^^^.^^^^^^^^^^^^^^^^^^^^^^^^.^^^^^^^^^
^^^^^^^^.^^^^^^^^^^^^^^^^^^^^^^^^^.^^^^^^^^^^^^^^^^^^^^^^^^^.^^^^^^^^
^^^^^^^.^^^^^^^^^^^^^^^^^^^^^^^^^^.^^^^^^^^^^^^^^^^^^^^^^^^^^.^^^^^^^
^^^^^^.^^^^^^^^^^^^^^^^^^^^^^^^^^^.^^^^^^^^^^^^^^^^^^^^^^^^^^^.^^^^^^
^^^^^.^^^^^^^^^^^^^^^^^^^^^^^^^^^^.^^^^^^^^^^^^^^^^^^^^^^^^^^^^.^^^^^
^^^^.^^^^^^^^^^^^^^^^^^^^^^^^^^^^^.^^^^^^^^^^^^^^^^^^^^^^^^^^^^^.^^^^
^^^.^^^^^^^^^^^^^^^^^^^^^^^^^^^^^^.^^^^^^^^^^^^^^^^^^^^^^^^^^^^^^.^^^
^^.^^^^^^^^^^^^^^^^^^^^^^^^^^^^^^^.^^^^^^^^^^^^^^^^^^^^^^^^^^^^^^^.^^
^.^^^^^^^^^^^^^^^^^^^^^^^^^^^^^^^^.^^^^^^^^^^^^^^^^^^^^^^^^^^^^^^^^.^
.^^^^^^^^^^^^^^^^^^^^^^^^^^^^^^^^^.^^^^^^^^^^^^^^^^^^^^^^^^^^^^^^^^^.
?::?:::::::::::::::::::::::::::::::::::::::::::::::::::::::::::::::::::::::::::::::::::::::?::?::?:::::::::::::::::::::::::::::::::::::::::::::::::::::::::::::::::::::::::::::::::::::::?::?
:?:?::::::::::::::::::::::::::::::::::::::::::::::::::::::::::::::::::::::::::::::::::::::::?:?:?::::::::::::::::::::::::::::::::::::::::::::::::::::::::::::::::::::::::::::::::::::::::?:?:
::??:::::::::::::::::::::::::::::::::::::::::::::::::::::::::::::::::::::::::::::::::::::::::???:::::::::::::::::::::::::::::::::::::::::::::::::::::::::::::::::::::::::::::::::::::::::??::
????::::::?::::::::::::::::::::::::::::::::::::::::::::::::::::::::::::::::::::::::::::?::::::?::::::?::::::::::::::::::::::::::::::::::::::::::::::::::::::::::::::::::::::::::::?::::::????
::::?:::::?:::::::::::::::::::::::::::::::::::::::::::::::::::::::::::::::::::::::::::::?:::::?:::::?:::::::::::::::::::::::::::::::::::::::::::::::::::::::::::::::::::::::::::::?:::::?::::
:::::?::::?::::::::::::::::::::::::::::::::::::::::::::::::::::::::::::::::::::::::::::::?::::?::::?::::::::::::::::::::::::::::::::::::::::::::::::::::::::::::::::::::::::::::::?::::?:::::
::::::?:::?:::::::::::::::::::::::::::::::::::::::::::::::::::::::::::::::::::::::::::::::?:::?:::?:::::::::::::::::::::::::::::::::::::::::::::::::::::::::::::::::::::::::::::::?:::?::::::
:::::::?::?::::::::::::::::::::::::::::::::::::::::::::::::::::::::::::::::::::::::::::::::?::?::?::::::::::::::::::::::::::::::::::::::::::::::::::::::::::::::::::::::::::::::::?::?:::::::
::::::::?:?:::::::::::::::::::::::::::::::::::::::::::::::::::::::::::::::::::::::::::::::::?:?:?:::::::::::::::::::::::::::::::::::::::::::::::::::::::::::::::::::::::::::::::::?:?::::::::
:::::::::??::::::?::::::::::::::::::::::::::::::::::::::::::::::::::::::::::::::::::::?::::::???::::::?::::::::::::::::::::::::::::::::::::::::::::::::::::::::::::::::::::?::::::??:::::::::
:::????????::::::?:::::::::::::::::::::::::::::::::::::::::::::::::::::::::::::::::::::?::::::?::::::?:::::::::::::::::::::::::::::::::::::::::::::::::::::::::::::::::::::?::::::????????:::
:::::::::::?:::::?::::::::::::::::::::::::::::::::::::::::::::::::::::::::::::::::::::::?:::::?:::::?::::::::::::::::::::::::::::::::::::::::::::::::::::::::::::::::::::::?:::::?:::::::::::
::::::::::::?::::?:::::::::::::::::::::::::::::::::::::::::::::::::::::::::::::::::::::::?::::?::::?:::::::::::::::::::::::::::::::::::::::::::::::::::::::::::::::::::::::?::::?::::::::::::
:::::::::::::?:::?::::::::::::::::::::::::::::::::::::::::::::::::::::::::::::::::::::::::?:::?:::?::::::::::::::::::::::::::::::::::::::::::::::::::::::::::::::::::::::::?:::?:::::::::::::
::::::::::::::?::?:::::::::::::::::::::::::::::::::::::::::::::::::::::::::::::::::::::::::?::?::?:::::::::::::::::::::::::::::::::::::::::::::::::::::::::::::::::::::::::?::?::::::::::::::
:::::::::::::::?:?::::::?::::::::::::::::::::::::::::::::::::::::::::::::::::::::::::?::::::?:?:?::::::?::::::::::::::::::::::::::::::::::::::::::::::::::::::::::::?::::::?:?:::::::::::::::
::::::::::::::::??::::::?:::::::::::::::::::::::::::::::::::::::::::::::::::::::::::::?::::::???::::::?:::::::::::::::::::::::::::::::::::::::::::::::::::::::::::::?::::::??::::::::::::::::
:::::::::?????????::::::?::::::::::::::::::::::::::::::::::::::::::::::::::::::::::::::?::::::?::::::?::::::::::::::::::::::::::::::::::::::::::::::::::::::::::::::?::::::?????????:::::::::
::::::::::::::::::?:::::?:::::::::::::::::::::::::::::::::::::::::::::::::::::::::::::::?:::::?:::::?:::::::::::::::::::::::::::::::::::::::::::::::::::::::::::::::?:::::?::::::::::::::::::
:::::::::::::::::::?::::?::::::::::::::::::::::::::::::::::::::::::::::::::::::::::::::::?::::?::::?::::::::::::::::::::::::::::::::::::::::::::::::::::::::::::::::?::::?:::::::::::::::::::
::::::::::::::::::::?:::?:::::::::::::::::::::::::::::::::::::::::::::::::::::::::::::::::?:::?:::?:::::::::::::::::::::::::::::::::::::::::::::::::::::::::::::::::?:::?::::::::::::::::::::
:::::::::::::::::::::?::?::::::?::::::::::::::::::::::::::::::::::::::::::::::::::::?::::::?::?::?::::::?::::::::::::::::::::::::::::::::::::::::::::::::::::?::::::?::?:::::::::::::::::::::
::::::::::::::::::::::?:?::::::?:::::::::::::::::::::::::::::::::::::::::::::::::::::?::::::?:?:?::::::?:::::::::::::::::::::::::::::::::::::::::::::::::::::?::::::?:?::::::::::::::::::::::
:::::::::::::::::::::::??::::::?::::::::::::::::::::::::::::::::::::::::::::::::::::::?::::::???::::::?::::::::::::::::::::::::::::::::::::::::::::::::::::::?::::::??:::::::::::::::::::::::
:::::::::::::::??????????::::::?:::::::::::::::::::::::::::::::::::::::::::::::::::::::?::::::?::::::?:::::::::::::::::::::::::::::::::::::::::::::::::::::::?::::::??????????:::::::::::::::
:::::::::::::::::::::::::?:::::?::::::::::::::::::::::::::::::::::::::::::::::::::::::::?:::::?:::::?::::::::::::::::::::::::::::::::::::::::::::::::::::::::?:::::?:::::::::::::::::::::::::
::::::::::::::::::::::::::?::::?:::::::::::::::::::::::::::::::::::::::::::::::::::::::::?::::?::::?:::::::::::::::::::::::::::::::::::::::::::::::::::::::::?::::?::::::::::::::::::::::::::
:::::::::::::::::::::::::::?:::?::::::?::::::::::::::::::::::::::::::::::::::::::::?::::::?:::?:::?::::::?::::::::::::::::::::::::::::::::::::::::::::?::::::?:::?:::::::::::::::::::::::::::
::::::::::::::::::::::::::::?::?::::::?:::::::::::::::::::::::::::::::::::::::::::::?::::::?::?::?::::::?:::::::::::::::::::::::::::::::::::::::::::::?::::::?::?::::::::::::::::::::::::::::
:::::::::::::::::::::::::::::?:?::::::?::::::::::::::::::::::::::::::::::::::::::::::?::::::?:?:?::::::?::::::::::::::::::::::::::::::::::::::::::::::?::::::?:?:::::::::::::::::::::::::::::
::::::::::::::::::::::::::::::??::::::?:::::::::::::::::::::::::::::::::::::::::::::::?::::::???::::::?:::::::::::::::::::::::::::::::::::::::::::::::?::::::??::::::::::::::::::::::::::::::
:::::::::::::::::::::???????????::::::?::::::::::::::::::::::::::::::::::::::::::::::::?::::::?::::::?::::::::::::::::::::::::::::::::::::::::::::::::?::::::???????????:::::::::::::::::::::
::::::::::::::::::::::::::::::::?:::::?:::::::::::::::::::::::::::::::::::::::::::::::::?:::::?:::::?:::::::::::::::::::::::::::::::::::::::::::::::::?:::::?::::::::::::::::::::::::::::::::
:::::::::::::::::::::::::::::::::?::::?::::::?::::::::::::::::::::::::::::::::::::?::::::?::::?::::?::::::?::::::::::::::::::::::::::::::::::::?::::::?::::?:::::::::::::::::::::::::::::::::
::::::::::::::::::::::::::::::::::?:::?::::::?:::::::::::::::::::::::::::::::::::::?::::::?:::?:::?::::::?:::::::::::::::::::::::::::::::::::::?::::::?:::?::::::::::::::::::::::::::::::::::
:::::::::::::::::::::::::::::::::::?::?::::::?::::::::::::::::::::::::::::::::::::::?::::::?::?::?::::::?::::::::::::::::::::::::::::::::::::::?::::::?::?:::::::::::::::::::::::::::::::::::
::::::::::::::::::::::::::::::::::::?:?::::::?:::::::::::::::::::::::::::::::::::::::?::::::?:?:?::::::?:::::::::::::::::::::::::::::::::::::::?::::::?:?::::::::::::::::::::::::::::::::::::
:::::::::::::::::::::::::::::::::::::??::::::?::::::::::::::::::::::::::::::::::::::::?::::::???::::::?::::::::::::::::::::::::::::::::::::::::?::::::??:::::::::::::::::::::::::::::::::::::
:::::::::::::::::::::::::::????????????::::::?:::::::::::::::::::::::::::::::::::::::::?::::::?::::::?:::::::::::::::::::::::::::::::::::::::::?::::::????????????:::::::::::::::::::::::::::
:::::::::::::::::::::::::::::::::::::::?:::::?::::::?::::::::::::::::::::::::::::?::::::?:::::?:::::?::::::?::::::::::::::::::::::::::::?::::::?:::::?:::::::::::::::::::::::::::::::::::::::
::::::::::::::::::::::::::::::::::::::::?::::?::::::?:::::::::::::::::::::::::::::?::::::?::::?::::?::::::?:::::::::::::::::::::::::::::?::::::?::::?::::::::::::::::::::::::::::::::::::::::
:::::::::::::::::::::::::::::::::::::::::?:::?::::::?::::::::::::::::::::::::::::::?::::::?:::?:::?::::::?::::::::::::::::::::::::::::::?::::::?:::?:::::::::::::::::::::::::::::::::::::::::
::::::::::::::::::::::::::::::::::::::::::?::?::::::?:::::::::::::::::::::::::::::::?::::::?::?::?::::::?:::::::::::::::::::::::::::::::?::::::?::?::::::::::::::::::::::::::::::::::::::::::
:::::::::::::::::::::::::::::::::::::::::::?:?::::::?::::::::::::::::::::::::::::::::?::::::?:?:?::::::?::::::::::::::::::::::::::::::::?::::::?:?:::::::::::::::::::::::::::::::::::::::::::
::::::::::::::::::::::::::::::::::::::::::::??::::::?:::::::::::::::::::::::::::::::::?::::::???::::::?:::::::::::::::::::::::::::::::::?::::::??::::::::::::::::::::::::::::::::::::::::::::
:::::::::::::::::::::::::::::::::?????????????::::::?::::::?::::::::::::::::::::?::::::?::::::?::::::?::::::?::::::::::::::::::::?::::::?::::::?????????????:::::::::::::::::::::::::::::::::
::::::::::::::::::::::::::::::::::::::::::::::?:::::?::::::?:::::::::::::::::::::?::::::?:::::?:::::?::::::?:::::::::::::::::::::?::::::?:::::?::::::::::::::::::::::::::::::::::::::::::::::
:::::::::::::::::::::::::::::::::::::::::::::::?::::?::::::?::::::::::::::::::::::?::::::?::::?::::?::::::?::::::::::::::::::::::?::::::?::::?:::::::::::::::::::::::::::::::::::::::::::::::
::::::::::::::::::::::::::::::::::::::::::::::::?:::?::::::?:::::::::::::::::::::::?::::::?:::?:::?::::::?:::::::::::::::::::::::?::::::?:::?::::::::::::::::::::::::::::::::::::::::::::::::
:::::::::::::::::::::::::::::::::::::::::::::::::?::?::::::?::::::::::::::::::::::::?::::::?::?::?::::::?::::::::::::::::::::::::?::::::?::?:::::::::::::::::::::::::::::::::::::::::::::::::
::::::::::::::::::::::::::::::::::::::::::::::::::?:?::::::?:::::::::::::::::::::::::?::::::?:?:?::::::?:::::::::::::::::::::::::?::::::?:?::::::::::::::::::::::::::::::::::::::::::::::::::
:::::::::::::::::::::::::::::::::::::::::::::::::::??::::::?::::::?::::::::::::?::::::?::::::???::::::?::::::?::::::::::::?::::::?::::::??:::::::::::::::::::::::::::::::::::::::::::::::::::
:::::::::::::::::::::::::::::::::::::::??????????????::::::?::::::?:::::::::::::?::::::?::::::?::::::?::::::?:::::::::::::?::::::?::::::??????????????:::::::::::::::::::::::::::::::::::::::
:::::::::::::::::::::::::::::::::::::::::::::::::::::?:::::?::::::?::::::::::::::?::::::?:::::?:::::?::::::?::::::::::::::?::::::?:::::?:::::::::::::::::::::::::::::::::::::::::::::::::::::
::::::::::::::::::::::::::::::::::::::::::::::::::::::?::::?::::::?:::::::::::::::?::::::?::::?::::?::::::?:::::::::::::::?::::::?::::?::::::::::::::::::::::::::::::::::::::::::::::::::::::
:::::::::::::::::::::::::::::::::::::::::::::::::::::::?:::?::::::?::::::::::::::::?::::::?:::?:::?::::::?::::::::::::::::?::::::?:::?:::::::::::::::::::::::::::::::::::::::::::::::::::::::
::::::::::::::::::::::::::::::::::::::::::::::::::::::::?::?::::::?:::::::::::::::::?::::::?::?::?::::::?:::::::::::::::::?::::::?::?::::::::::::::::::::::::::::::::::::::::::::::::::::::::
:::::::::::::::::::::::::::::::::::::::::::::::::::::::::?:?::::::?::::::?::::?::::::?::::::?:?:?::::::?::::::?::::?::::::?::::::?:?:::::::::::::::::::::::::::::::::::::::::::::::::::::::::
::::::::::::::::::::::::::::::::::::::::::::::::::::::::::??::::::?::::::?:::::?::::::?::::::???::::::?::::::?:::::?::::::?::::::??::::::::::::::::::::::::::::::::::::::::::::::::::::::::::
:::::::::::::::::::::::::::::::::::::::::::::???????????????::::::?::::::?::::::?::::::?::::::?::::::?::::::?::::::?::::::?::::::???????????????:::::::::::::::::::::::::::::::::::::::::::::
::::::::::::::::::::::::::::::::::::::::::::::::::::::::::::?:::::?::::::?:::::::?::::::?:::::?:::::?::::::?:::::::?::::::?:::::?::::::::::::::::::::::::::::::::::::::::::::::::::::::::::::
:::::::::::::::::::::::::::::::::::::::::::::::::::::::::::::?::::?::::::?::::::::?::::::?::::?::::?::::::?::::::::?::::::?::::?:::::::::::::::::::::::::::::::::::::::::::::::::::::::::::::
::::::::::::::::::::::::::::::::::::::::::::::::::::::::::::::?:::?::::::?:::::::::?::::::?:::?:::?::::::?:::::::::?::::::?:::?::::::::::::::::::::::::::::::::::::::::::::::::::::::::::::::
:::::::::::::::::::::::::::::::::::::::::::::::::::::::::::::::?::?::::::?:::?::?:::?::::::?::?::?::::::?:::?::?:::?::::::?::?:::::::::::::::::::::::::::::::::::::::::::::::::::::::::::::::
::::::::::::::::::::::::::::::::::::::::::::::::::::::::::::::::?:?::::::?::::?:?::::?::::::?:?:?::::::?::::?:?::::?::::::?:?::::::::::::::::::::::::::::::::::::::::::::::::::::::::::::::::
:::::::::::::::::::::::::::::::::::::::::::::::::::::::::::::::::??::::::?:::::??:::::?::::::???::::::?:::::??:::::?::::::??:::::::::::::::::::::::::::::::::::::::::::::::::::::::::::::::::
:::::::::::::::::::::::::::::::::::::::::::::::::::????????????????::::::?::::::?::::::?::::::?::::::?::::::?::::::?::::::????????????????:::::::::::::::::::::::::::::::::::::::::::::::::::
:::::::::::::::::::::::::::::::::::::::::::::::::::::::::::::::::::?:::::?::::::??::::::?:::::?:::::?::::::??::::::?:::::?:::::::::::::::::::::::::::::::::::::::::::::::::::::::::::::::::::
::::::::::::::::::::::::::::::::::::::::::::::::::::::::::::::::::::?::::?::::::?:?::::::?::::?::::?::::::?:?::::::?::::?::::::::::::::::::::::::::::::::::::::::::::::::::::::::::::::::::::
:::::::::::::::::::::::::::::::::::::::::::::::::::::::::::::::::::::?:::?::?:::?::?:::?::?:::?:::?::?:::?::?:::?::?:::?:::::::::::::::::::::::::::::::::::::::::::::::::::::::::::::::::::::
::::::::::::::::::::::::::::::::::::::::::::::::::::::::::::::::::::::?::?:::?::?:::?::?:::?::?::?:::?::?:::?::?:::?::?::::::::::::::::::::::::::::::::::::::::::::::::::::::::::::::::::::::
:::::::::::::::::::::::::::::::::::::::::::::::::::::::::::::::::::::::?:?::::?:?::::?:?::::?:?:?::::?:?::::?:?::::?:?:::::::::::::::::::::::::::::::::::::::::::::::::::::::::::::::::::::::
::::::::::::::::::::::::::::::::::::::::::::::::::::::::::::::::::::::::??:::::??:::::??:::::???:::::??:::::??:::::??::::::::::::::::::::::::::::::::::::::::::::::::::::::::::::::::::::::::
:::::::::::::::::::::::::::::::::::::::::::::::::::::::::?????????????????::::::?::::::?::::::?::::::?::::::?::::::?????????????????:::::::::::::::::::::::::::::::::::::::::::::::::::::::::
::::::::::::::::::::::::::::::::::::::::::::::::::::::::::::::::::::::::::?:::::??:::::??:::::?:::::??:::::??:::::?::::::::::::::::::::::::::::::::::::::::::::::::::::::::::::::::::::::::::
:::::::::::::::::::::::::::::::::::::::::::::::::::::::::::::::::::::::::::?::::?:?::::?:?::::?::::?:?::::?:?::::?:::::::::::::::::::::::::::::::::::::::::::::::::::::::::::::::::::::::::::
:::::::::::::::::::::::::::::::::::::::::::::::::::::::::::::::::::::?::::::?:::?::?:::?::?:::?:::?::?:::?::?:::?::::::?:::::::::::::::::::::::::::::::::::::::::::::::::::::::::::::::::::::
:::::::::::::::::::::::::::::::::::::::::::::::::::::::::::::::?::::::?::::::?::?:::?::?:::?::?::?:::?::?:::?::?::::::?::::::?:::::::::::::::::::::::::::::::::::::::::::::::::::::::::::::::
:::::::::::::::::::::::::::::::::::::::::::::::::::::::::?::::::?::::::?::::::?:?::::?:?::::?:?:?::::?:?::::?:?::::::?::::::?::::::?:::::::::::::::::::::::::::::::::::::::::::::::::::::::::
:::::::::::::::::::::::::::::::::::::::::::::::::::?::::::?::::::?::::::?::::::??:::::??:::::???:::::??:::::??::::::?::::::?::::::?::::::?:::::::::::::::::::::::::::::::::::::::::::::::::::
:::::::::::::::::::::::::::::::::::::::::::::?::::::?::::::?:::??????????????????::::::?::::::?::::::?::::::??????????????????:::?::::::?::::::?:::::::::::::::::::::::::::::::::::::::::::::
:::::::::::::::::::::::::::::::::::::::?::::::?::::::?::::::?::::::?::::::?::::::?:::::??:::::?:::::??:::::?::::::?::::::?::::::?::::::?::::::?::::::?:::::::::::::::::::::::::::::::::::::::
:::::::::::::::::::::::::::::::::?::::::?::::::?::::::?::::::?::::::?::::::?::::::?::::?:?::::?::::?:?::::?::::::?::::::?::::::?::::::?::::::?::::::?::::::?:::::::::::::::::::::::::::::::::
:::::::::::::::::::::::::::?::::::?::::::?::::::?::::::?::::::?::::::?::::::?::::::?:::?::?:::?:::?::?:::?::::::?::::::?::::::?::::::?::::::?::::::?::::::?::::::?:::::::::::::::::::::::::::
:::::::::::::::::::::?::::::?::::::?::::::?::::::?::::::?::::::?::::::?::::::?::::::?::?:::?::?::?:::?::?::::::?::::::?::::::?::::::?::::::?::::::?::::::?::::::?::::::?:::::::::::::::::::::
:::::::::::::::?::::::?::::::?::::::?::::::?::::::?::::::?::::::?::::::?::::::?::::::?:?::::?:?:?::::?:?::::::?::::::?::::::?::::::?::::::?::::::?::::::?::::::?::::::?::::::?:::::::::::::::
:::::::::?::::::?::::::?::::::?::::::?::::::?::::::?::::::?::::::?::::::?::::::?::::::??:::::???:::::??::::::?::::::?::::::?::::::?::::::?::::::?::::::?::::::?::::::?::::::?::::::?:::::::::
:::?::::::?::::::?::::::?::::::?::::::?::::::?::::::?::::::?::::::?::???????????????????::::::?::::::???????????????????::?::::::?::::::?::::::?::::::?::::::?::::::?::::::?::::::?::::::?:::
::::?::::::?::::::?::::::?::::::?::::::?::::::?::::::?::::::?::::::?::::::?::::::?::::::?:::::?:::::?::::::?::::::?::::::?::::::?::::::?::::::?::::::?::::::?::::::?::::::?::::::?::::::?::::
:::::?::::::?::::::?::::::?::::::?::::::?::::::?::::::?::::::?::::::?::::::?::::::?::::::?::::?::::?::::::?::::::?::::::?::::::?::::::?::::::?::::::?::::::?::::::?::::::?::::::?::::::?:::::
::::::?::::::?::::::?::::::?::::::?::::::?::::::?::::::?::::::?::::::?::::::?::::::?::::::?:::?:::?::::::?::::::?::::::?::::::?::::::?::::::?::::::?::::::?::::::?::::::?::::::?::::::?::::::
?::::::?::::::?::::::?::::::?::::::?::::::?::::::?::::::?::::::?::::::?::::::?::::::?::::::?::?::?::::::?::::::?::::::?::::::?::::::?::::::?::::::?::::::?::::::?::::::?::::::?::::::?::::::?
:?::::::?::::::?::::::?::::::?::::::?::::::?::::::?::::::?::::::?::::::?::::::?::::::?::::::?:?:?::::::?::::::?::::::?::::::?::::::?::::::?::::::?::::::?::::::?::::::?::::::?::::::?::::::?:
::?::::::?::::::?::::::?::::::?::::::?::::::?::::::?::::::?::::::?::::::?::::::?::::::?::::::???::::::?::::::?::::::?::::::?::::::?::::::?::::::?::::::?::::::?::::::?::::::?::::::?::::::?::
?????????????????????????????????????????????????????????????????????????????????????????????????????????????????????????????????????????????????????????????????????????????????????????????
::?::::::?::::::?::::::?::::::?::::::?::::::?::::::?::::::?::::::?::::::?::::::?::::::?::::::???::::::?::::::?::::::?::::::?::::::?::::::?::::::?::::::?::::::?::::::?::::::?::::::?::::::?::
:?::::::?::::::?::::::?::::::?::::::?::::::?::::::?::::::?::::::?::::::?::::::?::::::?::::::?:?:?::::::?::::::?::::::?::::::?::::::?::::::?::::::?::::::?::::::?::::::?::::::?::::::?::::::?:
?::::::?::::::?::::::?::::::?::::::?::::::?::::::?::::::?::::::?::::::?::::::?::::::?::::::?::?::?::::::?::::::?::::::?::::::?::::::?::::::?::::::?::::::?::::::?::::::?::::::?::::::?::::::?
::::::?::::::?::::::?::::::?::::::?::::::?::::::?::::::?::::::?::::::?::::::?::::::?::::::?:::?:::?::::::?::::::?::::::?::::::?::::::?::::::?::::::?::::::?::::::?::::::?::::::?::::::?::::::
:::::?::::::?::::::?::::::?::::::?::::::?::::::?::::::?::::::?::::::?::::::?::::::?::::::?::::?::::?::::::?::::::?::::::?::::::?::::::?::::::?::::::?::::::?::::::?::::::?::::::?::::::?:::::
::::?::::::?::::::?::::::?::::::?::::::?::::::?::::::?::::::?::::::?::::::?::::::?::::::?:::::?:::::?::::::?::::::?::::::?::::::?::::::?::::::?::::::?::::::?::::::?::::::?::::::?::::::?::::
:::?::::::?::::::?::::::?::::::?::::::?::::::?::::::?::::::?::::::?::???????????????????::::::?::::::???????????????????::?::::::?::::::?::::::?::::::?::::::?::::::?::::::?::::::?::::::?:::
:::::::::?::::::?::::::?::::::?::::::?::::::?::::::?::::::?::::::?::::::?::::::?::::::??:::::???:::::??::::::?::::::?::::::?::::::?::::::?::::::?::::::?::::::?::::::?::::::?::::::?:::::::::
:::::::::::::::?::::::?::::::?::::::?::::::?::::::?::::::?::::::?::::::?::::::?::::::?:?::::?:?:?::::?:?::::::?::::::?::::::?::::::?::::::?::::::?::::::?::::::?::::::?::::::?:::::::::::::::
:::::::::::::::::::::?::::::?::::::?::::::?::::::?::::::?::::::?::::::?::::::?::::::?::?:::?::?::?:::?::?::::::?::::::?::::::?::::::?::::::?::::::?::::::?::::::?::::::?:::::::::::::::::::::
:::::::::::::::::::::::::::?::::::?::::::?::::::?::::::?::::::?::::::?::::::?::::::?:::?::?:::?:::?::?:::?::::::?::::::?::::::?::::::?::::::?::::::?::::::?::::::?:::::::::::::::::::::::::::
:::::::::::::::::::::::::::::::::?::::::?::::::?::::::?::::::?::::::?::::::?::::::?::::?:?::::?::::?:?::::?::::::?::::::?::::::?::::::?::::::?::::::?::::::?:::::::::::::::::::::::::::::::::
:::::::::::::::::::::::::::::::::::::::?::::::?::::::?::::::?::::::?::::::?::::::?:::::??:::::?:::::??:::::?::::::?::::::?::::::?::::::?::::::?::::::?:::::::::::::::::::::::::::::::::::::::
:::::::::::::::::::::::::::::::::::::::::::::?::::::?::::::?:::??????????????????::::::?::::::?::::::?::::::??????????????????:::?::::::?::::::?:::::::::::::::::::::::::::::::::::::::::::::
:::::::::::::::::::::::::::::::::::::::::::::::::::?::::::?::::::?::::::?::::::??:::::??:::::???:::::??:::::??::::::?::::::?::::::?::::::?:::::::::::::::::::::::::::::::::::::::::::::::::::
:::::::::::::::::::::::::::::::::::::::::::::::::::::::::?::::::?::::::?::::::?:?::::?:?::::?:?:?::::?:?::::?:?::::::?::::::?::::::?:::::::::::::::::::::::::::::::::::::::::::::::::::::::::
:::::::::::::::::::::::::::::::::::::::::::::::::::::::::::::::?::::::?::::::?::?:::?::?:::?::?::?:::?::?:::?::?::::::?::::::?:::::::::::::::::::::::::::::::::::::::::::::::::::::::::::::::
:::::::::::::::::::::::::::::::::::::::::::::::::::::::::::::::::::::?::::::?:::?::?:::?::?:::?:::?::?:::?::?:::?::::::?:::::::::::::::::::::::::::::::::::::::::::::::::::::::::::::::::::::
:::::::::::::::::::::::::::::::::::::::::::::::::::::::::::::::::::::::::::?::::?:?::::?:?::::?::::?:?::::?:?::::?:::::::::::::::::::::::::::::::::::::::::::::::::::::::::::::::::::::::::::
::::::::::::::::::::::::::::::::::::::::::::::::::::::::::::::::::::::::::?:::::??:::::??:::::?:::::??:::::??:::::?::::::::::::::::::::::::::::::::::::::::::::::::::::::::::::::::::::::::::
:::::::::::::::::::::::::::::::::::::::::::::::::::::::::?????????????????::::::?::::::?::::::?::::::?::::::?::::::?????????????????:::::::::::::::::::::::::::::::::::::::::::::::::::::::::
::::::::::::::::::::::::::::::::::::::::::::::::::::::::::::::::::::::::??:::::??:::::??:::::???:::::??:::::??:::::??::::::::::::::::::::::::::::::::::::::::::::::::::::::::::::::::::::::::
:::::::::::::::::::::::::::::::::::::::::::::::::::::::::::::::::::::::?:?::::?:?::::?:?::::?:?:?::::?:?::::?:?::::?:?:::::::::::::::::::::::::::::::::::::::::::::::::::::::::::::::::::::::
::::::::::::::::::::::::::::::::::::::::::::::::::::::::::::::::::::::?::?:::?::?:::?::?:::?::?::?:::?::?:::?::?:::?::?::::::::::::::::::::::::::::::::::::::::::::::::::::::::::::::::::::::
:::::::::::::::::::::::::::::::::::::::::::::::::::::::::::::::::::::?:::?::?:::?::?:::?::?:::?:::?::?:::?::?:::?::?:::?:::::::::::::::::::::::::::::::::::::::::::::::::::::::::::::::::::::
::::::::::::::::::::::::::::::::::::::::::::::::::::::::::::::::::::?::::?::::::?:?::::::?::::?::::?::::::?:?::::::?::::?::::::::::::::::::::::::::::::::::::::::::::::::::::::::::::::::::::
:::::::::::::::::::::::::::::::::::::::::::::::::::::::::::::::::::?:::::?::::::??::::::?:::::?:::::?::::::??::::::?:::::?:::::::::::::::::::::::::::::::::::::::::::::::::::::::::::::::::::
:::::::::::::::::::::::::::::::::::::::::::::::::::????????????????::::::?::::::?::::::?::::::?::::::?::::::?::::::?::::::????????????????:::::::::::::::::::::::::::::::::::::::::::::::::::
:::::::::::::::::::::::::::::::::::::::::::::::::::::::::::::::::??::::::?:::::??:::::?::::::???::::::?:::::??:::::?::::::??:::::::::::::::::::::::::::::::::::::::::::::::::::::::::::::::::
::::::::::::::::::::::::::::::::::::::::::::::::::::::::::::::::?:?::::::?::::?:?::::?::::::?:?:?::::::?::::?:?::::?::::::?:?::::::::::::::::::::::::::::::::::::::::::::::::::::::::::::::::
:::::::::::::::::::::::::::::::::::::::::::::::::::::::::::::::?::?::::::?:::?::?:::?::::::?::?::?::::::?:::?::?:::?::::::?::?:::::::::::::::::::::::::::::::::::::::::::::::::::::::::::::::
::::::::::::::::::::::::::::::::::::::::::::::::::::::::::::::?:::?::::::?:::::::::?::::::?:::?:::?::::::?:::::::::?::::::?:::?::::::::::::::::::::::::::::::::::::::::::::::::::::::::::::::
:::::::::::::::::::::::::::::::::::::::::::::::::::::::::::::?::::?::::::?::::::::?::::::?::::?::::?::::::?::::::::?::::::?::::?:::::::::::::::::::::::::::::::::::::::::::::::::::::::::::::
::::::::::::::::::::::::::::::::::::::::::::::::::::::::::::?:::::?::::::?:::::::?::::::?:::::?:::::?::::::?:::::::?::::::?:::::?::::::::::::::::::::::::::::::::::::::::::::::::::::::::::::
:::::::::::::::::::::::::::::::::::::::::::::???????????????::::::?::::::?::::::?::::::?::::::?::::::?::::::?::::::?::::::?::::::???????????????:::::::::::::::::::::::::::::::::::::::::::::
::::::::::::::::::::::::::::::::::::::::::::::::::::::::::??::::::?::::::?:::::?::::::?::::::???::::::?::::::?:::::?::::::?::::::??::::::::::::::::::::::::::::::::::::::::::::::::::::::::::
:::::::::::::::::::::::::::::::::::::::::::::::::::::::::?:?::::::?::::::?::::?::::::?::::::?:?:?::::::?::::::?::::?::::::?::::::?:?:::::::::::::::::::::::::::::::::::::::::::::::::::::::::
::::::::::::::::::::::::::::::::::::::::::::::::::::::::?::?::::::?:::::::::::::::::?::::::?::?::?::::::?:::::::::::::::::?::::::?::?::::::::::::::::::::::::::::::::::::::::::::::::::::::::
:::::::::::::::::::::::::::::::::::::::::::::::::::::::?:::?::::::?::::::::::::::::?::::::?:::?:::?::::::?::::::::::::::::?::::::?:::?:::::::::::::::::::::::::::::::::::::::::::::::::::::::
::::::::::::::::::::::::::::::::::::::::::::::::::::::?::::?::::::?:::::::::::::::?::::::?::::?::::?::::::?:::::::::::::::?::::::?::::?::::::::::::::::::::::::::::::::::::::::::::::::::::::
:::::::::::::::::::::::::::::::::::::::::::::::::::::?:::::?::::::?::::::::::::::?::::::?:::::?:::::?::::::?::::::::::::::?::::::?:::::?:::::::::::::::::::::::::::::::::::::::::::::::::::::
:::::::::::::::::::::::::::::::::::::::??????????????::::::?::::::?:::::::::::::?::::::?::::::?::::::?::::::?:::::::::::::?::::::?::::::??????????????:::::::::::::::::::::::::::::::::::::::
:::::::::::::::::::::::::::::::::::::::::::::::::::??::::::?::::::?::::::::::::?::::::?::::::???::::::?::::::?::::::::::::?::::::?::::::??:::::::::::::::::::::::::::::::::::::::::::::::::::
::::::::::::::::::::::::::::::::::::::::::::::::::?:?::::::?:::::::::::::::::::::::::?::::::?:?:?::::::?:::::::::::::::::::::::::?::::::?:?::::::::::::::::::::::::::::::::::::::::::::::::::
:::::::::::::::::::::::::::::::::::::::::::::::::?::?::::::?::::::::::::::::::::::::?::::::?::?::?::::::?::::::::::::::::::::::::?::::::?::?:::::::::::::::::::::::::::::::::::::::::::::::::
::::::::::::::::::::::::::::::::::::::::::::::::?:::?::::::?:::::::::::::::::::::::?::::::?:::?:::?::::::?:::::::::::::::::::::::?::::::?:::?::::::::::::::::::::::::::::::::::::::::::::::::
:::::::::::::::::::::::::::::::::::::::::::::::?::::?::::::?::::::::::::::::::::::?::::::?::::?::::?::::::?::::::::::::::::::::::?::::::?::::?:::::::::::::::::::::::::::::::::::::::::::::::
::::::::::::::::::::::::::::::::::::::::::::::?:::::?::::::?:::::::::::::::::::::?::::::?:::::?:::::?::::::?:::::::::::::::::::::?::::::?:::::?::::::::::::::::::::::::::::::::::::::::::::::
:::::::::::::::::::::::::::::::::?????????????::::::?::::::?::::::::::::::::::::?::::::?::::::?::::::?::::::?::::::::::::::::::::?::::::?::::::?????????????:::::::::::::::::::::::::::::::::
::::::::::::::::::::::::::::::::::::::::::::??::::::?:::::::::::::::::::::::::::::::::?::::::???::::::?:::::::::::::::::::::::::::::::::?::::::??::::::::::::::::::::::::::::::::::::::::::::
:::::::::::::::::::::::::::::::::::::::::::?:?::::::?::::::::::::::::::::::::::::::::?::::::?:?:?::::::?::::::::::::::::::::::::::::::::?::::::?:?:::::::::::::::::::::::::::::::::::::::::::
::::::::::::::::::::::::::::::::::::::::::?::?::::::?:::::::::::::::::::::::::::::::?::::::?::?::?::::::?:::::::::::::::::::::::::::::::?::::::?::?::::::::::::::::::::::::::::::::::::::::::
:::::::::::::::::::::::::::::::::::::::::?:::?::::::?::::::::::::::::::::::::::::::?::::::?:::?:::?::::::?::::::::::::::::::::::::::::::?::::::?:::?:::::::::::::::::::::::::::::::::::::::::
::::::::::::::::::::::::::::::::::::::::?::::?::::::?:::::::::::::::::::::::::::::?::::::?::::?::::?::::::?:::::::::::::::::::::::::::::?::::::?::::?::::::::::::::::::::::::::::::::::::::::
:::::::::::::::::::::::::::::::::::::::?:::::?::::::?::::::::::::::::::::::::::::?::::::?:::::?:::::?::::::?::::::::::::::::::::::::::::?::::::?:::::?:::::::::::::::::::::::::::::::::::::::
:::::::::::::::::::::::::::????????????::::::?:::::::::::::::::::::::::::::::::::::::::?::::::?::::::?:::::::::::::::::::::::::::::::::::::::::?::::::????????????:::::::::::::::::::::::::::
:::::::::::::::::::::::::::::::::::::??::::::?::::::::::::::::::::::::::::::::::::::::?::::::???::::::?::::::::::::::::::::::::::::::::::::::::?::::::??:::::::::::::::::::::::::::::::::::::
::::::::::::::::::::::::::::::::::::?:?::::::?:::::::::::::::::::::::::::::::::::::::?::::::?:?:?::::::?:::::::::::::::::::::::::::::::::::::::?::::::?:?::::::::::::::::::::::::::::::::::::
:::::::::::::::::::::::::::::::::::?::?::::::?::::::::::::::::::::::::::::::::::::::?::::::?::?::?::::::?::::::::::::::::::::::::::::::::::::::?::::::?::?:::::::::::::::::::::::::::::::::::
::::::::::::::::::::::::::::::::::?:::?::::::?:::::::::::::::::::::::::::::::::::::?::::::?:::?:::?::::::?:::::::::::::::::::::::::::::::::::::?::::::?:::?::::::::::::::::::::::::::::::::::
:::::::::::::::::::::::::::::::::?::::?::::::?::::::::::::::::::::::::::::::::::::?::::::?::::?::::?::::::?::::::::::::::::::::::::::::::::::::?::::::?::::?:::::::::::::::::::::::::::::::::
::::::::::::::::::::::::::::::::?:::::?:::::::::::::::::::::::::::::::::::::::::::::::::?:::::?:::::?:::::::::::::::::::::::::::::::::::::::::::::::::?:::::?::::::::::::::::::::::::::::::::
:::::::::::::::::::::???????????::::::?::::::::::::::::::::::::::::::::::::::::::::::::?::::::?::::::?::::::::::::::::::::::::::::::::::::::::::::::::?::::::???????????:::::::::::::::::::::
::::::::::::::::::::::::::::::??::::::?:::::::::::::::::::::::::::::::::::::::::::::::?::::::???::::::?:::::::::::::::::::::::::::::::::::::::::::::::?::::::??::::::::::::::::::::::::::::::
:::::::::::::::::::::::::::::?:?::::::?::::::::::::::::::::::::::::::::::::::::::::::?::::::?:?:?::::::?::::::::::::::::::::::::::::::::::::::::::::::?::::::?:?:::::::::::::::::::::::::::::
::::::::::::::::::::::::::::?::?::::::?:::::::::::::::::::::::::::::::::::::::::::::?::::::?::?::?::::::?:::::::::::::::::::::::::::::::::::::::::::::?::::::?::?::::::::::::::::::::::::::::
:::::::::::::::::::::::::::?:::?::::::?::::::::::::::::::::::::::::::::::::::::::::?::::::?:::?:::?::::::?::::::::::::::::::::::::::::::::::::::::::::?::::::?:::?:::::::::::::::::::::::::::
::::::::::::::::::::::::::?::::?:::::::::::::::::::::::::::::::::::::::::::::::::::::::::?::::?::::?:::::::::::::::::::::::::::::::::::::::::::::::::::::::::?::::?::::::::::::::::::::::::::
:::::::::::::::::::::::::?:::::?::::::::::::::::::::::::::::::::::::::::::::::::::::::::?:::::?:::::?::::::::::::::::::::::::::::::::::::::::::::::::::::::::?:::::?:::::::::::::::::::::::::
:::::::::::::::??????????::::::?:::::::::::::::::::::::::::::::::::::::::::::::::::::::?::::::?::::::?:::::::::::::::::::::::::::::::::::::::::::::::::::::::?::::::??????????:::::::::::::::
:::::::::::::::::::::::??::::::?::::::::::::::::::::::::::::::::::::::::::::::::::::::?::::::???::::::?::::::::::::::::::::::::::::::::::::::::::::::::::::::?::::::??:::::::::::::::::::::::
::::::::::::::::::::::?:?::::::?:::::::::::::::::::::::::::::::::::::::::::::::::::::?::::::?:?:?::::::?:::::::::::::::::::::::::::::::::::::::::::::::::::::?::::::?:?::::::::::::::::::::::
:::::::::::::::::::::?::?::::::?::::::::::::::::::::::::::::::::::::::::::::::::::::?::::::?::?::?::::::?::::::::::::::::::::::::::::::::::::::::::::::::::::?::::::?::?:::::::::::::::::::::
::::::::::::::::::::?:::?:::::::::::::::::::::::::::::::::::::::::::::::::::::::::::::::::?:::?:::?:::::::::::::::::::::::::::::::::::::::::::::::::::::::::::::::::?:::?::::::::::::::::::::
:::::::::::::::::::?::::?::::::::::::::::::::::::::::::::::::::::::::::::::::::::::::::::?::::?::::?::::::::::::::::::::::::::::::::::::::::::::::::::::::::::::::::?::::?:::::::::::::::::::
::::::::::::::::::?:::::?:::::::::::::::::::::::::::::::::::::::::::::::::::::::::::::::?:::::?:::::?:::::::::::::::::::::::::::::::::::::::::::::::::::::::::::::::?:::::?::::::::::::::::::
:::::::::?????????::::::?::::::::::::::::::::::::::::::::::::::::::::::::::::::::::::::?::::::?::::::?::::::::::::::::::::::::::::::::::::::::::::::::::::::::::::::?::::::?????????:::::::::
::::::::::::::::??::::::?:::::::::::::::::::::::::::::::::::::::::::::::::::::::::::::?::::::???::::::?:::::::::::::::::::::::::::::::::::::::::::::::::::::::::::::?::::::??::::::::::::::::
:::::::::::::::?:?::::::?::::::::::::::::::::::::::::::::::::::::::::::::::::::::::::?::::::?:?:?::::::?::::::::::::::::::::::::::::::::::::::::::::::::::::::::::::?::::::?:?:::::::::::::::
::::::::::::::?::?:::::::::::::::::::::::::::::::::::::::::::::::::::::::::::::::::::::::::?::?::?:::::::::::::::::::::::::::::::::::::::::::::::::::::::::::::::::::::::::?::?::::::::::::::
:::::::::::::?:::?::::::::::::::::::::::::::::::::::::::::::::::::::::::::::::::::::::::::?:::?:::?::::::::::::::::::::::::::::::::::::::::::::::::::::::::::::::::::::::::?:::?:::::::::::::
::::::::::::?::::?:::::::::::::::::::::::::::::::::::::::::::::::::::::::::::::::::::::::?::::?::::?:::::::::::::::::::::::::::::::::::::::::::::::::::::::::::::::::::::::?::::?::::::::::::
:::::::::::?:::::?::::::::::::::::::::::::::::::::::::::::::::::::::::::::::::::::::::::?:::::?:::::?::::::::::::::::::::::::::::::::::::::::::::::::::::::::::::::::::::::?:::::?:::::::::::
:::????????::::::?:::::::::::::::::::::::::::::::::::::::::::::::::::::::::::::::::::::?::::::?::::::?:::::::::::::::::::::::::::::::::::::::::::::::::::::::::::::::::::::?::::::????????:::
:::::::::??::::::?::::::::::::::::::::::::::::::::::::::::::::::::::::::::::::::::::::?::::::???::::::?::::::::::::::::::::::::::::::::::::::::::::::::::::::::::::::::::::?::::::??:::::::::
::::::::?:?:::::::::::::::::::::::::::::::::::::::::::::::::::::::::::::::::::::::::::::::::?:?:?:::::::::::::::::::::::::::::::::::::::::::::::::::::::::::::::::::::::::::::::::?:?::::::::
:::::::?::?::::::::::::::::::::::::::::::::::::::::::::::::::::::::::::::::::::::::::::::::?::?::?::::::::::::::::::::::::::::::::::::::::::::::::::::::::::::::::::::::::::::::::?::?:::::::
::::::?:::?:::::::::::::::::::::::::::::::::::::::::::::::::::::::::::::::::::::::::::::::?:::?:::?:::::::::::::::::::::::::::::::::::::::::::::::::::::::::::::::::::::::::::::::?:::?::::::
:::::?::::?::::::::::::::::::::::::::::::::::::::::::::::::::::::::::::::::::::::::::::::?::::?::::?::::::::::::::::::::::::::::::::::::::::::::::::::::::::::::::::::::::::::::::?::::?:::::
::::?:::::?:::::::::::::::::::::::::::::::::::::::::::::::::::::::::::::::::::::::::::::?:::::?:::::?:::::::::::::::::::::::::::::::::::::::::::::::::::::::::::::::::::::::::::::?:::::?::::
????::::::?::::::::::::::::::::::::::::::::::::::::::::::::::::::::::::::::::::::::::::?::::::?::::::?::::::::::::::::::::::::::::::::::::::::::::::::::::::::::::::::::::::::::::?::::::????
::??:::::::::::::::::::::::::::::::::::::::::::::::::::::::::::::::::::::::::::::::::::::::::???:::::::::::::::::::::::::::::::::::::::::::::::::::::::::::::::::::::::::::::::::::::::::??::
:?:?::::::::::::::::::::::::::::::::::::::::::::::::::::::::::::::::::::::::::::::::::::::::?:?:?::::::::::::::::::::::::::::::::::::::::::::::::::::::::::::::::::::::::::::::::::::::::?:?:
?::?:::::::::::::::::::::::::::::::::::::::::::::::::::::::::::::::::::::::::::::::::::::::?::?::?:::::::::::::::::::::::::::::::::::::::::::::::::::::::::::::::::::::::::::::::::::::::?::?
