Happy Birthday &&!
 +=+
-----
|212|
|212|
-----
Feb 19, 12

Happy Birthday Ral!
  !
  $
 $$$
 $$$
  $
11/15/11

Happy Birthday AA!
  *
 ***
*****
 ***
  *
Tuesday December 17, 1996

Happy Birthday Whitespace!
  ^
 /^\
 /^\
/^^^\
/^^^\
Saturday June 26, 2010

Happy Birthday ZekZook!
  ^
 /^\
 /^\
/^^^\
/^^^\
05/28/05

Happy Birthday Steb!
  !
  $
 $$$
 $$$
  $
Monday July 8, 2002

Happy Birthday Glob!
 +=+
-----
|212|
|212|
-----
Apr 05, 01

Happy Birthday Squid!
  *
 ***
*****
 ***
  *
Aug 09, 18

Happy Birthday Shroud!
 +=+
-----
|212|
|212|
-----
Thursday February 15, 3381

