RACECAR
A     A
C     C
E     E
C     C
A     A
RACECAR

ANNA
N  N
N  N
ANNA

100001
0    0
0    0
0    0
0    0
100001

"NOT A PALINDROME!"

!!!!!
!   !
!   !
!   !
!!!!!

'''''''
'     '
'     '
'     '
'     '
'     '
'''''''

"NOT A PALINDROME!"

RAHULLUHAR
A        A
H        H
U        U
L        L
L        L
U        U
H        H
A        A
RAHULLUHAR

GFDSAASDFG
F        F
D        D
S        S
A        A
A        A
S        S
D        D
F        F
GFDSAASDFG

"NOT A PALINDROME!"

5432112345
4        4
3        3
2        2
1        1
1        1
2        2
3        3
4        4
5432112345

"NOT A PALINDROME!"

^^^*^^^
^     ^
^     ^
*     *
^     ^
^     ^
^^^*^^^

"NOT A PALINDROME!"

"NOT A PALINDROME!"
